Sender: LSF System <lsfadmin@le-dgx1-004>
Subject: Job 1315410: <diff_annot_ip_tcga> in cluster <ethsec> Done

Job <diff_annot_ip_tcga> was submitted from host <ethsec-login-02> by user <prelotla> in cluster <ethsec> at Tue Mar  2 20:37:19 2021
Job was executed on host(s) <4*le-dgx1-004>, in queue <normal.120h>, as user <prelotla> in cluster <ethsec> at Tue Mar  2 20:37:44 2021
</cluster/home/prelotla> was used as the home directory.
</cluster/home/prelotla/GitHub/projects2020_ohsu/peptides_generation/foreground> was used as the working directory.
Started at Tue Mar  2 20:37:44 2021
Terminated at Tue Mar  2 20:41:37 2021
Results reported at Tue Mar  2 20:41:37 2021

Your job looked like:

------------------------------------------------------------
# LSBATCH: User input
immunopepper samplespecif --annot-kmer-files /cluster/work/grlab/projects/projects2020_OHSU/peptides_generation/10c3360_runs_pya0.17.1/OV/TCGA-25-1319.all/spladder_confidence_2/all_frames/TCGA-25-1319.all/ref_annot_9mer.pq.gz --junction-kmer-files /cluster/work/grlab/projects/projects2020_OHSU/peptides_generation/10c3360_runs_pya0.17.1/OV/TCGA-25-1319.all/spladder_confidence_2/all_frames/TCGA-25-1319.all/ref_sample_9mer.pq.gz --bg-file-path /cluster/work/grlab/projects/projects2020_OHSU/peptides_generation/10c3360_runs_pya0.17.1/OV/TCGA-25-1319.all/spladder_confidence_2/all_frames/TCGA-25-1319.all/integrated_background_kmer.gz.pq --output-suffix no-annot --output-dir /cluster/work/grlab/projects/projects2020_OHSU/peptides_generation/10c3360_runs_pya0.17.1/OV/TCGA-25-1319.all/spladder_confidence_2/all_frames/TCGA-25-1319.all --remove-bg

------------------------------------------------------------

Successfully completed.

Resource usage summary:

    CPU time :                                   229.33 sec.
    Max Memory :                                 10858 MB
    Average Memory :                             5850.70 MB
    Total Requested Memory :                     60000.00 MB
    Delta Memory :                               49142.00 MB
    Max Swap :                                   -
    Max Processes :                              5
    Max Threads :                                9
    Run time :                                   260 sec.
    Turnaround time :                            258 sec.

The output (if any) follows:

2021-03-02 20:37:57,045 INFO     Command lineNamespace(annot_kmer_files=['/cluster/work/grlab/projects/projects2020_OHSU/peptides_generation/10c3360_runs_pya0.17.1/OV/TCGA-25-1319.all/spladder_confidence_2/all_frames/TCGA-25-1319.all/ref_annot_9mer.pq.gz'], bg_file_path='/cluster/work/grlab/projects/projects2020_OHSU/peptides_generation/10c3360_runs_pya0.17.1/OV/TCGA-25-1319.all/spladder_confidence_2/all_frames/TCGA-25-1319.all/integrated_background_kmer.gz.pq', compressed=True, junction_kmer_files=['/cluster/work/grlab/projects/projects2020_OHSU/peptides_generation/10c3360_runs_pya0.17.1/OV/TCGA-25-1319.all/spladder_confidence_2/all_frames/TCGA-25-1319.all/ref_sample_9mer.pq.gz'], output_dir='/cluster/work/grlab/projects/projects2020_OHSU/peptides_generation/10c3360_runs_pya0.17.1/OV/TCGA-25-1319.all/spladder_confidence_2/all_frames/TCGA-25-1319.all', output_suffix='no-annot', parallel=1, remove_bg=True, verbose=1)
2021-03-02 20:37:57,567 INFO     >>>>>>>>> Remove annotation: Start
2021-03-02 20:38:37,643 INFO     reading  unique background kmer file in /cluster/work/grlab/projects/projects2020_OHSU/peptides_generation/10c3360_runs_pya0.17.1/OV/TCGA-25-1319.all/spladder_confidence_2/all_frames/TCGA-25-1319.all/integrated_background_kmer.gz.pq 
 
2021-03-02 20:38:37,644 INFO     ...consider foreground file:/cluster/work/grlab/projects/projects2020_OHSU/peptides_generation/10c3360_runs_pya0.17.1/OV/TCGA-25-1319.all/spladder_confidence_2/all_frames/TCGA-25-1319.all/ref_sample_9mer.pq.gz
2021-03-02 20:41:30,253 INFO     Saving parquet ref_sample_9mer_no-annot.gz.pq with 12302548 lines. Took 69.6121 seconds
2021-03-02 20:41:30,254 INFO     output bg-removed kmer file : /cluster/work/grlab/projects/projects2020_OHSU/peptides_generation/10c3360_runs_pya0.17.1/OV/TCGA-25-1319.all/spladder_confidence_2/all_frames/TCGA-25-1319.all/ref_sample_9mer_no-annot.gz.pq 
 
2021-03-02 20:41:30,254 INFO     >>>>>>>>> Remove annotation: Finish

Sender: LSF System <lsfadmin@le-s4-088>
Subject: Job 1315405: <diff_annot_ip_tcga> in cluster <ethsec> Done

Job <diff_annot_ip_tcga> was submitted from host <ethsec-login-02> by user <prelotla> in cluster <ethsec> at Tue Mar  2 20:37:16 2021
Job was executed on host(s) <4*le-s4-088>, in queue <normal.120h>, as user <prelotla> in cluster <ethsec> at Tue Mar  2 20:37:43 2021
</cluster/home/prelotla> was used as the home directory.
</cluster/home/prelotla/GitHub/projects2020_ohsu/peptides_generation/foreground> was used as the working directory.
Started at Tue Mar  2 20:37:43 2021
Terminated at Tue Mar  2 20:42:15 2021
Results reported at Tue Mar  2 20:42:15 2021

Your job looked like:

------------------------------------------------------------
# LSBATCH: User input
immunopepper samplespecif --annot-kmer-files /cluster/work/grlab/projects/projects2020_OHSU/peptides_generation/10c3360_runs_pya0.17.1/OV/TCGA-25-1319.all/spladder_confidence_2/annot_frames/TCGA-25-1319.all/ref_annot_9mer.pq.gz --junction-kmer-files /cluster/work/grlab/projects/projects2020_OHSU/peptides_generation/10c3360_runs_pya0.17.1/OV/TCGA-25-1319.all/spladder_confidence_2/annot_frames/TCGA-25-1319.all/ref_sample_9mer.pq.gz --bg-file-path /cluster/work/grlab/projects/projects2020_OHSU/peptides_generation/10c3360_runs_pya0.17.1/OV/TCGA-25-1319.all/spladder_confidence_2/annot_frames/TCGA-25-1319.all/integrated_background_kmer.gz.pq --output-suffix no-annot --output-dir /cluster/work/grlab/projects/projects2020_OHSU/peptides_generation/10c3360_runs_pya0.17.1/OV/TCGA-25-1319.all/spladder_confidence_2/annot_frames/TCGA-25-1319.all --remove-bg

------------------------------------------------------------

Successfully completed.

Resource usage summary:

    CPU time :                                   267.69 sec.
    Max Memory :                                 10992 MB
    Average Memory :                             5586.09 MB
    Total Requested Memory :                     60000.00 MB
    Delta Memory :                               49008.00 MB
    Max Swap :                                   -
    Max Processes :                              5
    Max Threads :                                9
    Run time :                                   298 sec.
    Turnaround time :                            299 sec.

The output (if any) follows:

2021-03-02 20:37:53,856 INFO     Command lineNamespace(annot_kmer_files=['/cluster/work/grlab/projects/projects2020_OHSU/peptides_generation/10c3360_runs_pya0.17.1/OV/TCGA-25-1319.all/spladder_confidence_2/annot_frames/TCGA-25-1319.all/ref_annot_9mer.pq.gz'], bg_file_path='/cluster/work/grlab/projects/projects2020_OHSU/peptides_generation/10c3360_runs_pya0.17.1/OV/TCGA-25-1319.all/spladder_confidence_2/annot_frames/TCGA-25-1319.all/integrated_background_kmer.gz.pq', compressed=True, junction_kmer_files=['/cluster/work/grlab/projects/projects2020_OHSU/peptides_generation/10c3360_runs_pya0.17.1/OV/TCGA-25-1319.all/spladder_confidence_2/annot_frames/TCGA-25-1319.all/ref_sample_9mer.pq.gz'], output_dir='/cluster/work/grlab/projects/projects2020_OHSU/peptides_generation/10c3360_runs_pya0.17.1/OV/TCGA-25-1319.all/spladder_confidence_2/annot_frames/TCGA-25-1319.all', output_suffix='no-annot', parallel=1, remove_bg=True, verbose=1)
2021-03-02 20:37:54,366 INFO     >>>>>>>>> Remove annotation: Start
2021-03-02 20:37:54,369 INFO     ...consider annotation file:/cluster/work/grlab/projects/projects2020_OHSU/peptides_generation/10c3360_runs_pya0.17.1/OV/TCGA-25-1319.all/spladder_confidence_2/annot_frames/TCGA-25-1319.all/ref_annot_9mer.pq.gz
2021-03-02 20:39:52,961 INFO     Saving parquet integrated_background_kmer.gz.pq with 11063557 lines. Took 17.0685 seconds
2021-03-02 20:39:53,149 INFO     generated unique background kmer file in /cluster/work/grlab/projects/projects2020_OHSU/peptides_generation/10c3360_runs_pya0.17.1/OV/TCGA-25-1319.all/spladder_confidence_2/annot_frames/TCGA-25-1319.all/integrated_background_kmer.gz.pq 
 
2021-03-02 20:39:53,150 INFO     ...consider foreground file:/cluster/work/grlab/projects/projects2020_OHSU/peptides_generation/10c3360_runs_pya0.17.1/OV/TCGA-25-1319.all/spladder_confidence_2/annot_frames/TCGA-25-1319.all/ref_sample_9mer.pq.gz
2021-03-02 20:42:08,979 INFO     Saving parquet ref_sample_9mer_no-annot.gz.pq with 12302548 lines. Took 52.3563 seconds
2021-03-02 20:42:08,980 INFO     output bg-removed kmer file : /cluster/work/grlab/projects/projects2020_OHSU/peptides_generation/10c3360_runs_pya0.17.1/OV/TCGA-25-1319.all/spladder_confidence_2/annot_frames/TCGA-25-1319.all/ref_sample_9mer_no-annot.gz.pq 
 
2021-03-02 20:42:08,980 INFO     >>>>>>>>> Remove annotation: Finish

Sender: LSF System <lsfadmin@le-gtx-008>
Subject: Job 1315400: <diff_annot_ip_tcga> in cluster <ethsec> Done

Job <diff_annot_ip_tcga> was submitted from host <ethsec-login-02> by user <prelotla> in cluster <ethsec> at Tue Mar  2 20:37:13 2021
Job was executed on host(s) <4*le-gtx-008>, in queue <normal.120h>, as user <prelotla> in cluster <ethsec> at Tue Mar  2 20:37:13 2021
</cluster/home/prelotla> was used as the home directory.
</cluster/home/prelotla/GitHub/projects2020_ohsu/peptides_generation/foreground> was used as the working directory.
Started at Tue Mar  2 20:37:13 2021
Terminated at Tue Mar  2 20:42:40 2021
Results reported at Tue Mar  2 20:42:40 2021

Your job looked like:

------------------------------------------------------------
# LSBATCH: User input
immunopepper samplespecif --annot-kmer-files /cluster/work/grlab/projects/projects2020_OHSU/peptides_generation/10c3360_runs_pya0.17.1/OV/TCGA-25-1319.all/spladder_confidence_1/all_frames/TCGA-25-1319.all/ref_annot_9mer.pq.gz --junction-kmer-files /cluster/work/grlab/projects/projects2020_OHSU/peptides_generation/10c3360_runs_pya0.17.1/OV/TCGA-25-1319.all/spladder_confidence_1/all_frames/TCGA-25-1319.all/ref_sample_9mer.pq.gz --bg-file-path /cluster/work/grlab/projects/projects2020_OHSU/peptides_generation/10c3360_runs_pya0.17.1/OV/TCGA-25-1319.all/spladder_confidence_1/all_frames/TCGA-25-1319.all/integrated_background_kmer.gz.pq --output-suffix no-annot --output-dir /cluster/work/grlab/projects/projects2020_OHSU/peptides_generation/10c3360_runs_pya0.17.1/OV/TCGA-25-1319.all/spladder_confidence_1/all_frames/TCGA-25-1319.all --remove-bg

------------------------------------------------------------

Successfully completed.

Resource usage summary:

    CPU time :                                   321.81 sec.
    Max Memory :                                 11027 MB
    Average Memory :                             5527.31 MB
    Total Requested Memory :                     60000.00 MB
    Delta Memory :                               48973.00 MB
    Max Swap :                                   -
    Max Processes :                              5
    Max Threads :                                9
    Run time :                                   327 sec.
    Turnaround time :                            327 sec.

The output (if any) follows:

2021-03-02 20:37:28,232 INFO     Command lineNamespace(annot_kmer_files=['/cluster/work/grlab/projects/projects2020_OHSU/peptides_generation/10c3360_runs_pya0.17.1/OV/TCGA-25-1319.all/spladder_confidence_1/all_frames/TCGA-25-1319.all/ref_annot_9mer.pq.gz'], bg_file_path='/cluster/work/grlab/projects/projects2020_OHSU/peptides_generation/10c3360_runs_pya0.17.1/OV/TCGA-25-1319.all/spladder_confidence_1/all_frames/TCGA-25-1319.all/integrated_background_kmer.gz.pq', compressed=True, junction_kmer_files=['/cluster/work/grlab/projects/projects2020_OHSU/peptides_generation/10c3360_runs_pya0.17.1/OV/TCGA-25-1319.all/spladder_confidence_1/all_frames/TCGA-25-1319.all/ref_sample_9mer.pq.gz'], output_dir='/cluster/work/grlab/projects/projects2020_OHSU/peptides_generation/10c3360_runs_pya0.17.1/OV/TCGA-25-1319.all/spladder_confidence_1/all_frames/TCGA-25-1319.all', output_suffix='no-annot', parallel=1, remove_bg=True, verbose=1)
2021-03-02 20:37:29,313 INFO     >>>>>>>>> Remove annotation: Start
2021-03-02 20:37:29,316 INFO     ...consider annotation file:/cluster/work/grlab/projects/projects2020_OHSU/peptides_generation/10c3360_runs_pya0.17.1/OV/TCGA-25-1319.all/spladder_confidence_1/all_frames/TCGA-25-1319.all/ref_annot_9mer.pq.gz
2021-03-02 20:39:50,128 INFO     Saving parquet integrated_background_kmer.gz.pq with 11063557 lines. Took 23.4361 seconds
2021-03-02 20:39:50,360 INFO     generated unique background kmer file in /cluster/work/grlab/projects/projects2020_OHSU/peptides_generation/10c3360_runs_pya0.17.1/OV/TCGA-25-1319.all/spladder_confidence_1/all_frames/TCGA-25-1319.all/integrated_background_kmer.gz.pq 
 
2021-03-02 20:39:50,360 INFO     ...consider foreground file:/cluster/work/grlab/projects/projects2020_OHSU/peptides_generation/10c3360_runs_pya0.17.1/OV/TCGA-25-1319.all/spladder_confidence_1/all_frames/TCGA-25-1319.all/ref_sample_9mer.pq.gz
2021-03-02 20:42:34,241 INFO     Saving parquet ref_sample_9mer_no-annot.gz.pq with 12395128 lines. Took 68.8914 seconds
2021-03-02 20:42:34,242 INFO     output bg-removed kmer file : /cluster/work/grlab/projects/projects2020_OHSU/peptides_generation/10c3360_runs_pya0.17.1/OV/TCGA-25-1319.all/spladder_confidence_1/all_frames/TCGA-25-1319.all/ref_sample_9mer_no-annot.gz.pq 
 
2021-03-02 20:42:34,242 INFO     >>>>>>>>> Remove annotation: Finish

Sender: LSF System <lsfadmin@le-gtx-006>
Subject: Job 1315395: <diff_annot_ip_tcga> in cluster <ethsec> Done

Job <diff_annot_ip_tcga> was submitted from host <ethsec-login-02> by user <prelotla> in cluster <ethsec> at Tue Mar  2 20:37:10 2021
Job was executed on host(s) <4*le-gtx-006>, in queue <normal.120h>, as user <prelotla> in cluster <ethsec> at Tue Mar  2 20:37:13 2021
</cluster/home/prelotla> was used as the home directory.
</cluster/home/prelotla/GitHub/projects2020_ohsu/peptides_generation/foreground> was used as the working directory.
Started at Tue Mar  2 20:37:13 2021
Terminated at Tue Mar  2 20:42:51 2021
Results reported at Tue Mar  2 20:42:51 2021

Your job looked like:

------------------------------------------------------------
# LSBATCH: User input
immunopepper samplespecif --annot-kmer-files /cluster/work/grlab/projects/projects2020_OHSU/peptides_generation/10c3360_runs_pya0.17.1/OV/TCGA-25-1319.all/spladder_confidence_1/annot_frames/TCGA-25-1319.all/ref_annot_9mer.pq.gz --junction-kmer-files /cluster/work/grlab/projects/projects2020_OHSU/peptides_generation/10c3360_runs_pya0.17.1/OV/TCGA-25-1319.all/spladder_confidence_1/annot_frames/TCGA-25-1319.all/ref_sample_9mer.pq.gz --bg-file-path /cluster/work/grlab/projects/projects2020_OHSU/peptides_generation/10c3360_runs_pya0.17.1/OV/TCGA-25-1319.all/spladder_confidence_1/annot_frames/TCGA-25-1319.all/integrated_background_kmer.gz.pq --output-suffix no-annot --output-dir /cluster/work/grlab/projects/projects2020_OHSU/peptides_generation/10c3360_runs_pya0.17.1/OV/TCGA-25-1319.all/spladder_confidence_1/annot_frames/TCGA-25-1319.all --remove-bg

------------------------------------------------------------

Successfully completed.

Resource usage summary:

    CPU time :                                   334.86 sec.
    Max Memory :                                 11050 MB
    Average Memory :                             4966.50 MB
    Total Requested Memory :                     60000.00 MB
    Delta Memory :                               48950.00 MB
    Max Swap :                                   -
    Max Processes :                              5
    Max Threads :                                9
    Run time :                                   338 sec.
    Turnaround time :                            341 sec.

The output (if any) follows:

2021-03-02 20:37:28,054 INFO     Command lineNamespace(annot_kmer_files=['/cluster/work/grlab/projects/projects2020_OHSU/peptides_generation/10c3360_runs_pya0.17.1/OV/TCGA-25-1319.all/spladder_confidence_1/annot_frames/TCGA-25-1319.all/ref_annot_9mer.pq.gz'], bg_file_path='/cluster/work/grlab/projects/projects2020_OHSU/peptides_generation/10c3360_runs_pya0.17.1/OV/TCGA-25-1319.all/spladder_confidence_1/annot_frames/TCGA-25-1319.all/integrated_background_kmer.gz.pq', compressed=True, junction_kmer_files=['/cluster/work/grlab/projects/projects2020_OHSU/peptides_generation/10c3360_runs_pya0.17.1/OV/TCGA-25-1319.all/spladder_confidence_1/annot_frames/TCGA-25-1319.all/ref_sample_9mer.pq.gz'], output_dir='/cluster/work/grlab/projects/projects2020_OHSU/peptides_generation/10c3360_runs_pya0.17.1/OV/TCGA-25-1319.all/spladder_confidence_1/annot_frames/TCGA-25-1319.all', output_suffix='no-annot', parallel=1, remove_bg=True, verbose=1)
2021-03-02 20:37:28,902 INFO     >>>>>>>>> Remove annotation: Start
2021-03-02 20:37:28,906 INFO     ...consider annotation file:/cluster/work/grlab/projects/projects2020_OHSU/peptides_generation/10c3360_runs_pya0.17.1/OV/TCGA-25-1319.all/spladder_confidence_1/annot_frames/TCGA-25-1319.all/ref_annot_9mer.pq.gz
2021-03-02 20:39:56,445 INFO     Saving parquet integrated_background_kmer.gz.pq with 11063557 lines. Took 22.7581 seconds
2021-03-02 20:39:56,656 INFO     generated unique background kmer file in /cluster/work/grlab/projects/projects2020_OHSU/peptides_generation/10c3360_runs_pya0.17.1/OV/TCGA-25-1319.all/spladder_confidence_1/annot_frames/TCGA-25-1319.all/integrated_background_kmer.gz.pq 
 
2021-03-02 20:39:56,656 INFO     ...consider foreground file:/cluster/work/grlab/projects/projects2020_OHSU/peptides_generation/10c3360_runs_pya0.17.1/OV/TCGA-25-1319.all/spladder_confidence_1/annot_frames/TCGA-25-1319.all/ref_sample_9mer.pq.gz
2021-03-02 20:42:45,347 INFO     Saving parquet ref_sample_9mer_no-annot.gz.pq with 12395128 lines. Took 69.4475 seconds
2021-03-02 20:42:45,348 INFO     output bg-removed kmer file : /cluster/work/grlab/projects/projects2020_OHSU/peptides_generation/10c3360_runs_pya0.17.1/OV/TCGA-25-1319.all/spladder_confidence_1/annot_frames/TCGA-25-1319.all/ref_sample_9mer_no-annot.gz.pq 
 
2021-03-02 20:42:45,349 INFO     >>>>>>>>> Remove annotation: Finish

