Sender: LSF System <lsfadmin@le-gtx-011>
Subject: Job 1315388: <diff_annot_ip_tcga> in cluster <ethsec> Done

Job <diff_annot_ip_tcga> was submitted from host <ethsec-login-02> by user <prelotla> in cluster <ethsec> at Tue Mar  2 20:37:05 2021
Job was executed on host(s) <4*le-gtx-011>, in queue <normal.120h>, as user <prelotla> in cluster <ethsec> at Tue Mar  2 20:37:13 2021
</cluster/home/prelotla> was used as the home directory.
</cluster/home/prelotla/GitHub/projects2020_ohsu/peptides_generation/foreground> was used as the working directory.
Started at Tue Mar  2 20:37:13 2021
Terminated at Tue Mar  2 20:42:35 2021
Results reported at Tue Mar  2 20:42:35 2021

Your job looked like:

------------------------------------------------------------
# LSBATCH: User input
immunopepper samplespecif --annot-kmer-files /cluster/work/grlab/projects/projects2020_OHSU/peptides_generation/10c3360_runs_pya0.17.1/BRCA/TCGA-A2-A0D2.all/spladder_confidence_2/all_frames/TCGA-A2-A0D2.all/ref_annot_9mer.pq.gz --junction-kmer-files /cluster/work/grlab/projects/projects2020_OHSU/peptides_generation/10c3360_runs_pya0.17.1/BRCA/TCGA-A2-A0D2.all/spladder_confidence_2/all_frames/TCGA-A2-A0D2.all/ref_sample_9mer.pq.gz --bg-file-path /cluster/work/grlab/projects/projects2020_OHSU/peptides_generation/10c3360_runs_pya0.17.1/BRCA/TCGA-A2-A0D2.all/spladder_confidence_2/all_frames/TCGA-A2-A0D2.all/integrated_background_kmer.gz.pq --output-suffix no-annot --output-dir /cluster/work/grlab/projects/projects2020_OHSU/peptides_generation/10c3360_runs_pya0.17.1/BRCA/TCGA-A2-A0D2.all/spladder_confidence_2/all_frames/TCGA-A2-A0D2.all --remove-bg

------------------------------------------------------------

Successfully completed.

Resource usage summary:

    CPU time :                                   316.49 sec.
    Max Memory :                                 10965 MB
    Average Memory :                             5164.46 MB
    Total Requested Memory :                     60000.00 MB
    Delta Memory :                               49035.00 MB
    Max Swap :                                   -
    Max Processes :                              5
    Max Threads :                                9
    Run time :                                   321 sec.
    Turnaround time :                            330 sec.

The output (if any) follows:

2021-03-02 20:37:28,790 INFO     Command lineNamespace(annot_kmer_files=['/cluster/work/grlab/projects/projects2020_OHSU/peptides_generation/10c3360_runs_pya0.17.1/BRCA/TCGA-A2-A0D2.all/spladder_confidence_2/all_frames/TCGA-A2-A0D2.all/ref_annot_9mer.pq.gz'], bg_file_path='/cluster/work/grlab/projects/projects2020_OHSU/peptides_generation/10c3360_runs_pya0.17.1/BRCA/TCGA-A2-A0D2.all/spladder_confidence_2/all_frames/TCGA-A2-A0D2.all/integrated_background_kmer.gz.pq', compressed=True, junction_kmer_files=['/cluster/work/grlab/projects/projects2020_OHSU/peptides_generation/10c3360_runs_pya0.17.1/BRCA/TCGA-A2-A0D2.all/spladder_confidence_2/all_frames/TCGA-A2-A0D2.all/ref_sample_9mer.pq.gz'], output_dir='/cluster/work/grlab/projects/projects2020_OHSU/peptides_generation/10c3360_runs_pya0.17.1/BRCA/TCGA-A2-A0D2.all/spladder_confidence_2/all_frames/TCGA-A2-A0D2.all', output_suffix='no-annot', parallel=1, remove_bg=True, verbose=1)
2021-03-02 20:37:29,596 INFO     >>>>>>>>> Remove annotation: Start
2021-03-02 20:37:29,599 INFO     ...consider annotation file:/cluster/work/grlab/projects/projects2020_OHSU/peptides_generation/10c3360_runs_pya0.17.1/BRCA/TCGA-A2-A0D2.all/spladder_confidence_2/all_frames/TCGA-A2-A0D2.all/ref_annot_9mer.pq.gz
2021-03-02 20:39:49,778 INFO     Saving parquet integrated_background_kmer.gz.pq with 11063557 lines. Took 22.1204 seconds
2021-03-02 20:39:49,969 INFO     generated unique background kmer file in /cluster/work/grlab/projects/projects2020_OHSU/peptides_generation/10c3360_runs_pya0.17.1/BRCA/TCGA-A2-A0D2.all/spladder_confidence_2/all_frames/TCGA-A2-A0D2.all/integrated_background_kmer.gz.pq 
 
2021-03-02 20:39:49,969 INFO     ...consider foreground file:/cluster/work/grlab/projects/projects2020_OHSU/peptides_generation/10c3360_runs_pya0.17.1/BRCA/TCGA-A2-A0D2.all/spladder_confidence_2/all_frames/TCGA-A2-A0D2.all/ref_sample_9mer.pq.gz
2021-03-02 20:42:27,341 INFO     Saving parquet ref_sample_9mer_no-annot.gz.pq with 11839074 lines. Took 65.5057 seconds
2021-03-02 20:42:27,341 INFO     output bg-removed kmer file : /cluster/work/grlab/projects/projects2020_OHSU/peptides_generation/10c3360_runs_pya0.17.1/BRCA/TCGA-A2-A0D2.all/spladder_confidence_2/all_frames/TCGA-A2-A0D2.all/ref_sample_9mer_no-annot.gz.pq 
 
2021-03-02 20:42:27,342 INFO     >>>>>>>>> Remove annotation: Finish

Sender: LSF System <lsfadmin@le-gtx-004>
Subject: Job 1315383: <diff_annot_ip_tcga> in cluster <ethsec> Done

Job <diff_annot_ip_tcga> was submitted from host <ethsec-login-02> by user <prelotla> in cluster <ethsec> at Tue Mar  2 20:37:02 2021
Job was executed on host(s) <4*le-gtx-004>, in queue <normal.120h>, as user <prelotla> in cluster <ethsec> at Tue Mar  2 20:37:13 2021
</cluster/home/prelotla> was used as the home directory.
</cluster/home/prelotla/GitHub/projects2020_ohsu/peptides_generation/foreground> was used as the working directory.
Started at Tue Mar  2 20:37:13 2021
Terminated at Tue Mar  2 20:42:40 2021
Results reported at Tue Mar  2 20:42:40 2021

Your job looked like:

------------------------------------------------------------
# LSBATCH: User input
immunopepper samplespecif --annot-kmer-files /cluster/work/grlab/projects/projects2020_OHSU/peptides_generation/10c3360_runs_pya0.17.1/BRCA/TCGA-A2-A0D2.all/spladder_confidence_2/annot_frames/TCGA-A2-A0D2.all/ref_annot_9mer.pq.gz --junction-kmer-files /cluster/work/grlab/projects/projects2020_OHSU/peptides_generation/10c3360_runs_pya0.17.1/BRCA/TCGA-A2-A0D2.all/spladder_confidence_2/annot_frames/TCGA-A2-A0D2.all/ref_sample_9mer.pq.gz --bg-file-path /cluster/work/grlab/projects/projects2020_OHSU/peptides_generation/10c3360_runs_pya0.17.1/BRCA/TCGA-A2-A0D2.all/spladder_confidence_2/annot_frames/TCGA-A2-A0D2.all/integrated_background_kmer.gz.pq --output-suffix no-annot --output-dir /cluster/work/grlab/projects/projects2020_OHSU/peptides_generation/10c3360_runs_pya0.17.1/BRCA/TCGA-A2-A0D2.all/spladder_confidence_2/annot_frames/TCGA-A2-A0D2.all --remove-bg

------------------------------------------------------------

Successfully completed.

Resource usage summary:

    CPU time :                                   325.69 sec.
    Max Memory :                                 10918 MB
    Average Memory :                             4298.77 MB
    Total Requested Memory :                     60000.00 MB
    Delta Memory :                               49082.00 MB
    Max Swap :                                   -
    Max Processes :                              5
    Max Threads :                                9
    Run time :                                   327 sec.
    Turnaround time :                            338 sec.

The output (if any) follows:

2021-03-02 20:37:25,604 INFO     Command lineNamespace(annot_kmer_files=['/cluster/work/grlab/projects/projects2020_OHSU/peptides_generation/10c3360_runs_pya0.17.1/BRCA/TCGA-A2-A0D2.all/spladder_confidence_2/annot_frames/TCGA-A2-A0D2.all/ref_annot_9mer.pq.gz'], bg_file_path='/cluster/work/grlab/projects/projects2020_OHSU/peptides_generation/10c3360_runs_pya0.17.1/BRCA/TCGA-A2-A0D2.all/spladder_confidence_2/annot_frames/TCGA-A2-A0D2.all/integrated_background_kmer.gz.pq', compressed=True, junction_kmer_files=['/cluster/work/grlab/projects/projects2020_OHSU/peptides_generation/10c3360_runs_pya0.17.1/BRCA/TCGA-A2-A0D2.all/spladder_confidence_2/annot_frames/TCGA-A2-A0D2.all/ref_sample_9mer.pq.gz'], output_dir='/cluster/work/grlab/projects/projects2020_OHSU/peptides_generation/10c3360_runs_pya0.17.1/BRCA/TCGA-A2-A0D2.all/spladder_confidence_2/annot_frames/TCGA-A2-A0D2.all', output_suffix='no-annot', parallel=1, remove_bg=True, verbose=1)
2021-03-02 20:37:26,225 INFO     >>>>>>>>> Remove annotation: Start
2021-03-02 20:37:26,228 INFO     ...consider annotation file:/cluster/work/grlab/projects/projects2020_OHSU/peptides_generation/10c3360_runs_pya0.17.1/BRCA/TCGA-A2-A0D2.all/spladder_confidence_2/annot_frames/TCGA-A2-A0D2.all/ref_annot_9mer.pq.gz
2021-03-02 20:39:49,561 INFO     Saving parquet integrated_background_kmer.gz.pq with 11063557 lines. Took 22.0565 seconds
2021-03-02 20:39:49,787 INFO     generated unique background kmer file in /cluster/work/grlab/projects/projects2020_OHSU/peptides_generation/10c3360_runs_pya0.17.1/BRCA/TCGA-A2-A0D2.all/spladder_confidence_2/annot_frames/TCGA-A2-A0D2.all/integrated_background_kmer.gz.pq 
 
2021-03-02 20:39:49,787 INFO     ...consider foreground file:/cluster/work/grlab/projects/projects2020_OHSU/peptides_generation/10c3360_runs_pya0.17.1/BRCA/TCGA-A2-A0D2.all/spladder_confidence_2/annot_frames/TCGA-A2-A0D2.all/ref_sample_9mer.pq.gz
2021-03-02 20:42:33,939 INFO     Saving parquet ref_sample_9mer_no-annot.gz.pq with 11839074 lines. Took 66.497 seconds
2021-03-02 20:42:33,940 INFO     output bg-removed kmer file : /cluster/work/grlab/projects/projects2020_OHSU/peptides_generation/10c3360_runs_pya0.17.1/BRCA/TCGA-A2-A0D2.all/spladder_confidence_2/annot_frames/TCGA-A2-A0D2.all/ref_sample_9mer_no-annot.gz.pq 
 
2021-03-02 20:42:33,940 INFO     >>>>>>>>> Remove annotation: Finish

Sender: LSF System <lsfadmin@le-gtx-002>
Subject: Job 1315378: <diff_annot_ip_tcga> in cluster <ethsec> Done

Job <diff_annot_ip_tcga> was submitted from host <ethsec-login-02> by user <prelotla> in cluster <ethsec> at Tue Mar  2 20:36:59 2021
Job was executed on host(s) <4*le-gtx-002>, in queue <normal.120h>, as user <prelotla> in cluster <ethsec> at Tue Mar  2 20:37:13 2021
</cluster/home/prelotla> was used as the home directory.
</cluster/home/prelotla/GitHub/projects2020_ohsu/peptides_generation/foreground> was used as the working directory.
Started at Tue Mar  2 20:37:13 2021
Terminated at Tue Mar  2 20:42:52 2021
Results reported at Tue Mar  2 20:42:52 2021

Your job looked like:

------------------------------------------------------------
# LSBATCH: User input
immunopepper samplespecif --annot-kmer-files /cluster/work/grlab/projects/projects2020_OHSU/peptides_generation/10c3360_runs_pya0.17.1/BRCA/TCGA-A2-A0D2.all/spladder_confidence_1/all_frames/TCGA-A2-A0D2.all/ref_annot_9mer.pq.gz --junction-kmer-files /cluster/work/grlab/projects/projects2020_OHSU/peptides_generation/10c3360_runs_pya0.17.1/BRCA/TCGA-A2-A0D2.all/spladder_confidence_1/all_frames/TCGA-A2-A0D2.all/ref_sample_9mer.pq.gz --bg-file-path /cluster/work/grlab/projects/projects2020_OHSU/peptides_generation/10c3360_runs_pya0.17.1/BRCA/TCGA-A2-A0D2.all/spladder_confidence_1/all_frames/TCGA-A2-A0D2.all/integrated_background_kmer.gz.pq --output-suffix no-annot --output-dir /cluster/work/grlab/projects/projects2020_OHSU/peptides_generation/10c3360_runs_pya0.17.1/BRCA/TCGA-A2-A0D2.all/spladder_confidence_1/all_frames/TCGA-A2-A0D2.all --remove-bg

------------------------------------------------------------

Successfully completed.

Resource usage summary:

    CPU time :                                   334.76 sec.
    Max Memory :                                 10967 MB
    Average Memory :                             5083.15 MB
    Total Requested Memory :                     60000.00 MB
    Delta Memory :                               49033.00 MB
    Max Swap :                                   -
    Max Processes :                              5
    Max Threads :                                9
    Run time :                                   338 sec.
    Turnaround time :                            353 sec.

The output (if any) follows:

2021-03-02 20:37:28,432 INFO     Command lineNamespace(annot_kmer_files=['/cluster/work/grlab/projects/projects2020_OHSU/peptides_generation/10c3360_runs_pya0.17.1/BRCA/TCGA-A2-A0D2.all/spladder_confidence_1/all_frames/TCGA-A2-A0D2.all/ref_annot_9mer.pq.gz'], bg_file_path='/cluster/work/grlab/projects/projects2020_OHSU/peptides_generation/10c3360_runs_pya0.17.1/BRCA/TCGA-A2-A0D2.all/spladder_confidence_1/all_frames/TCGA-A2-A0D2.all/integrated_background_kmer.gz.pq', compressed=True, junction_kmer_files=['/cluster/work/grlab/projects/projects2020_OHSU/peptides_generation/10c3360_runs_pya0.17.1/BRCA/TCGA-A2-A0D2.all/spladder_confidence_1/all_frames/TCGA-A2-A0D2.all/ref_sample_9mer.pq.gz'], output_dir='/cluster/work/grlab/projects/projects2020_OHSU/peptides_generation/10c3360_runs_pya0.17.1/BRCA/TCGA-A2-A0D2.all/spladder_confidence_1/all_frames/TCGA-A2-A0D2.all', output_suffix='no-annot', parallel=1, remove_bg=True, verbose=1)
2021-03-02 20:37:29,884 INFO     >>>>>>>>> Remove annotation: Start
2021-03-02 20:37:29,886 INFO     ...consider annotation file:/cluster/work/grlab/projects/projects2020_OHSU/peptides_generation/10c3360_runs_pya0.17.1/BRCA/TCGA-A2-A0D2.all/spladder_confidence_1/all_frames/TCGA-A2-A0D2.all/ref_annot_9mer.pq.gz
2021-03-02 20:39:57,020 INFO     Saving parquet integrated_background_kmer.gz.pq with 11063557 lines. Took 22.8927 seconds
2021-03-02 20:39:57,233 INFO     generated unique background kmer file in /cluster/work/grlab/projects/projects2020_OHSU/peptides_generation/10c3360_runs_pya0.17.1/BRCA/TCGA-A2-A0D2.all/spladder_confidence_1/all_frames/TCGA-A2-A0D2.all/integrated_background_kmer.gz.pq 
 
2021-03-02 20:39:57,234 INFO     ...consider foreground file:/cluster/work/grlab/projects/projects2020_OHSU/peptides_generation/10c3360_runs_pya0.17.1/BRCA/TCGA-A2-A0D2.all/spladder_confidence_1/all_frames/TCGA-A2-A0D2.all/ref_sample_9mer.pq.gz
2021-03-02 20:42:44,887 INFO     Saving parquet ref_sample_9mer_no-annot.gz.pq with 11894935 lines. Took 68.891 seconds
2021-03-02 20:42:44,887 INFO     output bg-removed kmer file : /cluster/work/grlab/projects/projects2020_OHSU/peptides_generation/10c3360_runs_pya0.17.1/BRCA/TCGA-A2-A0D2.all/spladder_confidence_1/all_frames/TCGA-A2-A0D2.all/ref_sample_9mer_no-annot.gz.pq 
 
2021-03-02 20:42:44,888 INFO     >>>>>>>>> Remove annotation: Finish

Sender: LSF System <lsfadmin@le-s4-051>
Subject: Job 1315373: <diff_annot_ip_tcga> in cluster <ethsec> Done

Job <diff_annot_ip_tcga> was submitted from host <ethsec-login-02> by user <prelotla> in cluster <ethsec> at Tue Mar  2 20:36:56 2021
Job was executed on host(s) <4*le-s4-051>, in queue <normal.120h>, as user <prelotla> in cluster <ethsec> at Tue Mar  2 20:37:13 2021
</cluster/home/prelotla> was used as the home directory.
</cluster/home/prelotla/GitHub/projects2020_ohsu/peptides_generation/foreground> was used as the working directory.
Started at Tue Mar  2 20:37:13 2021
Terminated at Tue Mar  2 20:44:21 2021
Results reported at Tue Mar  2 20:44:21 2021

Your job looked like:

------------------------------------------------------------
# LSBATCH: User input
immunopepper samplespecif --annot-kmer-files /cluster/work/grlab/projects/projects2020_OHSU/peptides_generation/10c3360_runs_pya0.17.1/BRCA/TCGA-A2-A0D2.all/spladder_confidence_1/annot_frames/TCGA-A2-A0D2.all/ref_annot_9mer.pq.gz --junction-kmer-files /cluster/work/grlab/projects/projects2020_OHSU/peptides_generation/10c3360_runs_pya0.17.1/BRCA/TCGA-A2-A0D2.all/spladder_confidence_1/annot_frames/TCGA-A2-A0D2.all/ref_sample_9mer.pq.gz --bg-file-path /cluster/work/grlab/projects/projects2020_OHSU/peptides_generation/10c3360_runs_pya0.17.1/BRCA/TCGA-A2-A0D2.all/spladder_confidence_1/annot_frames/TCGA-A2-A0D2.all/integrated_background_kmer.gz.pq --output-suffix no-annot --output-dir /cluster/work/grlab/projects/projects2020_OHSU/peptides_generation/10c3360_runs_pya0.17.1/BRCA/TCGA-A2-A0D2.all/spladder_confidence_1/annot_frames/TCGA-A2-A0D2.all --remove-bg

------------------------------------------------------------

Successfully completed.

Resource usage summary:

    CPU time :                                   425.33 sec.
    Max Memory :                                 10981 MB
    Average Memory :                             4875.19 MB
    Total Requested Memory :                     60000.00 MB
    Delta Memory :                               49019.00 MB
    Max Swap :                                   -
    Max Processes :                              5
    Max Threads :                                9
    Run time :                                   452 sec.
    Turnaround time :                            445 sec.

The output (if any) follows:

2021-03-02 20:37:28,245 INFO     Command lineNamespace(annot_kmer_files=['/cluster/work/grlab/projects/projects2020_OHSU/peptides_generation/10c3360_runs_pya0.17.1/BRCA/TCGA-A2-A0D2.all/spladder_confidence_1/annot_frames/TCGA-A2-A0D2.all/ref_annot_9mer.pq.gz'], bg_file_path='/cluster/work/grlab/projects/projects2020_OHSU/peptides_generation/10c3360_runs_pya0.17.1/BRCA/TCGA-A2-A0D2.all/spladder_confidence_1/annot_frames/TCGA-A2-A0D2.all/integrated_background_kmer.gz.pq', compressed=True, junction_kmer_files=['/cluster/work/grlab/projects/projects2020_OHSU/peptides_generation/10c3360_runs_pya0.17.1/BRCA/TCGA-A2-A0D2.all/spladder_confidence_1/annot_frames/TCGA-A2-A0D2.all/ref_sample_9mer.pq.gz'], output_dir='/cluster/work/grlab/projects/projects2020_OHSU/peptides_generation/10c3360_runs_pya0.17.1/BRCA/TCGA-A2-A0D2.all/spladder_confidence_1/annot_frames/TCGA-A2-A0D2.all', output_suffix='no-annot', parallel=1, remove_bg=True, verbose=1)
2021-03-02 20:37:28,273 INFO     >>>>>>>>> Remove annotation: Start
2021-03-02 20:37:28,277 INFO     ...consider annotation file:/cluster/work/grlab/projects/projects2020_OHSU/peptides_generation/10c3360_runs_pya0.17.1/BRCA/TCGA-A2-A0D2.all/spladder_confidence_1/annot_frames/TCGA-A2-A0D2.all/ref_annot_9mer.pq.gz
2021-03-02 20:40:45,283 INFO     Saving parquet integrated_background_kmer.gz.pq with 11063557 lines. Took 25.9464 seconds
2021-03-02 20:40:45,637 INFO     generated unique background kmer file in /cluster/work/grlab/projects/projects2020_OHSU/peptides_generation/10c3360_runs_pya0.17.1/BRCA/TCGA-A2-A0D2.all/spladder_confidence_1/annot_frames/TCGA-A2-A0D2.all/integrated_background_kmer.gz.pq 
 
2021-03-02 20:40:45,637 INFO     ...consider foreground file:/cluster/work/grlab/projects/projects2020_OHSU/peptides_generation/10c3360_runs_pya0.17.1/BRCA/TCGA-A2-A0D2.all/spladder_confidence_1/annot_frames/TCGA-A2-A0D2.all/ref_sample_9mer.pq.gz
2021-03-02 20:44:11,673 INFO     Saving parquet ref_sample_9mer_no-annot.gz.pq with 11894935 lines. Took 77.7722 seconds
2021-03-02 20:44:11,674 INFO     output bg-removed kmer file : /cluster/work/grlab/projects/projects2020_OHSU/peptides_generation/10c3360_runs_pya0.17.1/BRCA/TCGA-A2-A0D2.all/spladder_confidence_1/annot_frames/TCGA-A2-A0D2.all/ref_sample_9mer_no-annot.gz.pq 
 
2021-03-02 20:44:11,675 INFO     >>>>>>>>> Remove annotation: Finish

