Sender: LSF System <lsfadmin@le-s4-088>
Subject: Job 1315402: <diff_annot_ip_tcga> in cluster <ethsec> Done

Job <diff_annot_ip_tcga> was submitted from host <ethsec-login-02> by user <prelotla> in cluster <ethsec> at Tue Mar  2 20:37:14 2021
Job was executed on host(s) <4*le-s4-088>, in queue <normal.120h>, as user <prelotla> in cluster <ethsec> at Tue Mar  2 20:37:43 2021
</cluster/home/prelotla> was used as the home directory.
</cluster/home/prelotla/GitHub/projects2020_ohsu/peptides_generation/foreground> was used as the working directory.
Started at Tue Mar  2 20:37:43 2021
Terminated at Tue Mar  2 20:42:35 2021
Results reported at Tue Mar  2 20:42:35 2021

Your job looked like:

------------------------------------------------------------
# LSBATCH: User input
immunopepper samplespecif --annot-kmer-files /cluster/work/grlab/projects/projects2020_OHSU/peptides_generation/10c3360_runs_pya0.17.1/OV/TCGA-24-1431.all/spladder_confidence_2/annot_frames/TCGA-24-1431.all/ref_annot_9mer.pq.gz --junction-kmer-files /cluster/work/grlab/projects/projects2020_OHSU/peptides_generation/10c3360_runs_pya0.17.1/OV/TCGA-24-1431.all/spladder_confidence_2/annot_frames/TCGA-24-1431.all/ref_sample_9mer.pq.gz --bg-file-path /cluster/work/grlab/projects/projects2020_OHSU/peptides_generation/10c3360_runs_pya0.17.1/OV/TCGA-24-1431.all/spladder_confidence_2/annot_frames/TCGA-24-1431.all/integrated_background_kmer.gz.pq --output-suffix no-annot --output-dir /cluster/work/grlab/projects/projects2020_OHSU/peptides_generation/10c3360_runs_pya0.17.1/OV/TCGA-24-1431.all/spladder_confidence_2/annot_frames/TCGA-24-1431.all --remove-bg

------------------------------------------------------------

Successfully completed.

Resource usage summary:

    CPU time :                                   290.27 sec.
    Max Memory :                                 11004 MB
    Average Memory :                             5150.82 MB
    Total Requested Memory :                     60000.00 MB
    Delta Memory :                               48996.00 MB
    Max Swap :                                   -
    Max Processes :                              5
    Max Threads :                                9
    Run time :                                   319 sec.
    Turnaround time :                            321 sec.

The output (if any) follows:

2021-03-02 20:37:54,108 INFO     Command lineNamespace(annot_kmer_files=['/cluster/work/grlab/projects/projects2020_OHSU/peptides_generation/10c3360_runs_pya0.17.1/OV/TCGA-24-1431.all/spladder_confidence_2/annot_frames/TCGA-24-1431.all/ref_annot_9mer.pq.gz'], bg_file_path='/cluster/work/grlab/projects/projects2020_OHSU/peptides_generation/10c3360_runs_pya0.17.1/OV/TCGA-24-1431.all/spladder_confidence_2/annot_frames/TCGA-24-1431.all/integrated_background_kmer.gz.pq', compressed=True, junction_kmer_files=['/cluster/work/grlab/projects/projects2020_OHSU/peptides_generation/10c3360_runs_pya0.17.1/OV/TCGA-24-1431.all/spladder_confidence_2/annot_frames/TCGA-24-1431.all/ref_sample_9mer.pq.gz'], output_dir='/cluster/work/grlab/projects/projects2020_OHSU/peptides_generation/10c3360_runs_pya0.17.1/OV/TCGA-24-1431.all/spladder_confidence_2/annot_frames/TCGA-24-1431.all', output_suffix='no-annot', parallel=1, remove_bg=True, verbose=1)
2021-03-02 20:37:54,305 INFO     >>>>>>>>> Remove annotation: Start
2021-03-02 20:37:54,307 INFO     ...consider annotation file:/cluster/work/grlab/projects/projects2020_OHSU/peptides_generation/10c3360_runs_pya0.17.1/OV/TCGA-24-1431.all/spladder_confidence_2/annot_frames/TCGA-24-1431.all/ref_annot_9mer.pq.gz
2021-03-02 20:40:04,711 INFO     Saving parquet integrated_background_kmer.gz.pq with 11063557 lines. Took 18.3449 seconds
2021-03-02 20:40:04,965 INFO     generated unique background kmer file in /cluster/work/grlab/projects/projects2020_OHSU/peptides_generation/10c3360_runs_pya0.17.1/OV/TCGA-24-1431.all/spladder_confidence_2/annot_frames/TCGA-24-1431.all/integrated_background_kmer.gz.pq 
 
2021-03-02 20:40:04,966 INFO     ...consider foreground file:/cluster/work/grlab/projects/projects2020_OHSU/peptides_generation/10c3360_runs_pya0.17.1/OV/TCGA-24-1431.all/spladder_confidence_2/annot_frames/TCGA-24-1431.all/ref_sample_9mer.pq.gz
2021-03-02 20:42:28,943 INFO     Saving parquet ref_sample_9mer_no-annot.gz.pq with 12028239 lines. Took 55.0334 seconds
2021-03-02 20:42:28,944 INFO     output bg-removed kmer file : /cluster/work/grlab/projects/projects2020_OHSU/peptides_generation/10c3360_runs_pya0.17.1/OV/TCGA-24-1431.all/spladder_confidence_2/annot_frames/TCGA-24-1431.all/ref_sample_9mer_no-annot.gz.pq 
 
2021-03-02 20:42:28,944 INFO     >>>>>>>>> Remove annotation: Finish

Sender: LSF System <lsfadmin@le-gtx-007>
Subject: Job 1315392: <diff_annot_ip_tcga> in cluster <ethsec> Done

Job <diff_annot_ip_tcga> was submitted from host <ethsec-login-02> by user <prelotla> in cluster <ethsec> at Tue Mar  2 20:37:08 2021
Job was executed on host(s) <4*le-gtx-007>, in queue <normal.120h>, as user <prelotla> in cluster <ethsec> at Tue Mar  2 20:37:13 2021
</cluster/home/prelotla> was used as the home directory.
</cluster/home/prelotla/GitHub/projects2020_ohsu/peptides_generation/foreground> was used as the working directory.
Started at Tue Mar  2 20:37:13 2021
Terminated at Tue Mar  2 20:42:49 2021
Results reported at Tue Mar  2 20:42:49 2021

Your job looked like:

------------------------------------------------------------
# LSBATCH: User input
immunopepper samplespecif --annot-kmer-files /cluster/work/grlab/projects/projects2020_OHSU/peptides_generation/10c3360_runs_pya0.17.1/OV/TCGA-24-1431.all/spladder_confidence_1/annot_frames/TCGA-24-1431.all/ref_annot_9mer.pq.gz --junction-kmer-files /cluster/work/grlab/projects/projects2020_OHSU/peptides_generation/10c3360_runs_pya0.17.1/OV/TCGA-24-1431.all/spladder_confidence_1/annot_frames/TCGA-24-1431.all/ref_sample_9mer.pq.gz --bg-file-path /cluster/work/grlab/projects/projects2020_OHSU/peptides_generation/10c3360_runs_pya0.17.1/OV/TCGA-24-1431.all/spladder_confidence_1/annot_frames/TCGA-24-1431.all/integrated_background_kmer.gz.pq --output-suffix no-annot --output-dir /cluster/work/grlab/projects/projects2020_OHSU/peptides_generation/10c3360_runs_pya0.17.1/OV/TCGA-24-1431.all/spladder_confidence_1/annot_frames/TCGA-24-1431.all --remove-bg

------------------------------------------------------------

Successfully completed.

Resource usage summary:

    CPU time :                                   332.85 sec.
    Max Memory :                                 11032 MB
    Average Memory :                             5050.62 MB
    Total Requested Memory :                     60000.00 MB
    Delta Memory :                               48968.00 MB
    Max Swap :                                   -
    Max Processes :                              5
    Max Threads :                                9
    Run time :                                   336 sec.
    Turnaround time :                            341 sec.

The output (if any) follows:

2021-03-02 20:37:27,443 INFO     Command lineNamespace(annot_kmer_files=['/cluster/work/grlab/projects/projects2020_OHSU/peptides_generation/10c3360_runs_pya0.17.1/OV/TCGA-24-1431.all/spladder_confidence_1/annot_frames/TCGA-24-1431.all/ref_annot_9mer.pq.gz'], bg_file_path='/cluster/work/grlab/projects/projects2020_OHSU/peptides_generation/10c3360_runs_pya0.17.1/OV/TCGA-24-1431.all/spladder_confidence_1/annot_frames/TCGA-24-1431.all/integrated_background_kmer.gz.pq', compressed=True, junction_kmer_files=['/cluster/work/grlab/projects/projects2020_OHSU/peptides_generation/10c3360_runs_pya0.17.1/OV/TCGA-24-1431.all/spladder_confidence_1/annot_frames/TCGA-24-1431.all/ref_sample_9mer.pq.gz'], output_dir='/cluster/work/grlab/projects/projects2020_OHSU/peptides_generation/10c3360_runs_pya0.17.1/OV/TCGA-24-1431.all/spladder_confidence_1/annot_frames/TCGA-24-1431.all', output_suffix='no-annot', parallel=1, remove_bg=True, verbose=1)
2021-03-02 20:37:27,559 INFO     >>>>>>>>> Remove annotation: Start
2021-03-02 20:37:27,562 INFO     ...consider annotation file:/cluster/work/grlab/projects/projects2020_OHSU/peptides_generation/10c3360_runs_pya0.17.1/OV/TCGA-24-1431.all/spladder_confidence_1/annot_frames/TCGA-24-1431.all/ref_annot_9mer.pq.gz
2021-03-02 20:39:56,190 INFO     Saving parquet integrated_background_kmer.gz.pq with 11063557 lines. Took 23.3825 seconds
2021-03-02 20:39:56,478 INFO     generated unique background kmer file in /cluster/work/grlab/projects/projects2020_OHSU/peptides_generation/10c3360_runs_pya0.17.1/OV/TCGA-24-1431.all/spladder_confidence_1/annot_frames/TCGA-24-1431.all/integrated_background_kmer.gz.pq 
 
2021-03-02 20:39:56,479 INFO     ...consider foreground file:/cluster/work/grlab/projects/projects2020_OHSU/peptides_generation/10c3360_runs_pya0.17.1/OV/TCGA-24-1431.all/spladder_confidence_1/annot_frames/TCGA-24-1431.all/ref_sample_9mer.pq.gz
2021-03-02 20:42:43,228 INFO     Saving parquet ref_sample_9mer_no-annot.gz.pq with 12125385 lines. Took 67.7641 seconds
2021-03-02 20:42:43,229 INFO     output bg-removed kmer file : /cluster/work/grlab/projects/projects2020_OHSU/peptides_generation/10c3360_runs_pya0.17.1/OV/TCGA-24-1431.all/spladder_confidence_1/annot_frames/TCGA-24-1431.all/ref_sample_9mer_no-annot.gz.pq 
 
2021-03-02 20:42:43,229 INFO     >>>>>>>>> Remove annotation: Finish

Sender: LSF System <lsfadmin@le-gtx-006>
Subject: Job 1315397: <diff_annot_ip_tcga> in cluster <ethsec> Done

Job <diff_annot_ip_tcga> was submitted from host <ethsec-login-02> by user <prelotla> in cluster <ethsec> at Tue Mar  2 20:37:11 2021
Job was executed on host(s) <4*le-gtx-006>, in queue <normal.120h>, as user <prelotla> in cluster <ethsec> at Tue Mar  2 20:37:13 2021
</cluster/home/prelotla> was used as the home directory.
</cluster/home/prelotla/GitHub/projects2020_ohsu/peptides_generation/foreground> was used as the working directory.
Started at Tue Mar  2 20:37:13 2021
Terminated at Tue Mar  2 20:42:56 2021
Results reported at Tue Mar  2 20:42:56 2021

Your job looked like:

------------------------------------------------------------
# LSBATCH: User input
immunopepper samplespecif --annot-kmer-files /cluster/work/grlab/projects/projects2020_OHSU/peptides_generation/10c3360_runs_pya0.17.1/OV/TCGA-24-1431.all/spladder_confidence_1/all_frames/TCGA-24-1431.all/ref_annot_9mer.pq.gz --junction-kmer-files /cluster/work/grlab/projects/projects2020_OHSU/peptides_generation/10c3360_runs_pya0.17.1/OV/TCGA-24-1431.all/spladder_confidence_1/all_frames/TCGA-24-1431.all/ref_sample_9mer.pq.gz --bg-file-path /cluster/work/grlab/projects/projects2020_OHSU/peptides_generation/10c3360_runs_pya0.17.1/OV/TCGA-24-1431.all/spladder_confidence_1/all_frames/TCGA-24-1431.all/integrated_background_kmer.gz.pq --output-suffix no-annot --output-dir /cluster/work/grlab/projects/projects2020_OHSU/peptides_generation/10c3360_runs_pya0.17.1/OV/TCGA-24-1431.all/spladder_confidence_1/all_frames/TCGA-24-1431.all --remove-bg

------------------------------------------------------------

Successfully completed.

Resource usage summary:

    CPU time :                                   338.97 sec.
    Max Memory :                                 10980 MB
    Average Memory :                             4097.93 MB
    Total Requested Memory :                     60000.00 MB
    Delta Memory :                               49020.00 MB
    Max Swap :                                   -
    Max Processes :                              6
    Max Threads :                                10
    Run time :                                   343 sec.
    Turnaround time :                            345 sec.

The output (if any) follows:

2021-03-02 20:37:28,109 INFO     Command lineNamespace(annot_kmer_files=['/cluster/work/grlab/projects/projects2020_OHSU/peptides_generation/10c3360_runs_pya0.17.1/OV/TCGA-24-1431.all/spladder_confidence_1/all_frames/TCGA-24-1431.all/ref_annot_9mer.pq.gz'], bg_file_path='/cluster/work/grlab/projects/projects2020_OHSU/peptides_generation/10c3360_runs_pya0.17.1/OV/TCGA-24-1431.all/spladder_confidence_1/all_frames/TCGA-24-1431.all/integrated_background_kmer.gz.pq', compressed=True, junction_kmer_files=['/cluster/work/grlab/projects/projects2020_OHSU/peptides_generation/10c3360_runs_pya0.17.1/OV/TCGA-24-1431.all/spladder_confidence_1/all_frames/TCGA-24-1431.all/ref_sample_9mer.pq.gz'], output_dir='/cluster/work/grlab/projects/projects2020_OHSU/peptides_generation/10c3360_runs_pya0.17.1/OV/TCGA-24-1431.all/spladder_confidence_1/all_frames/TCGA-24-1431.all', output_suffix='no-annot', parallel=1, remove_bg=True, verbose=1)
2021-03-02 20:37:28,729 INFO     >>>>>>>>> Remove annotation: Start
2021-03-02 20:37:28,732 INFO     ...consider annotation file:/cluster/work/grlab/projects/projects2020_OHSU/peptides_generation/10c3360_runs_pya0.17.1/OV/TCGA-24-1431.all/spladder_confidence_1/all_frames/TCGA-24-1431.all/ref_annot_9mer.pq.gz
2021-03-02 20:40:06,319 INFO     Saving parquet integrated_background_kmer.gz.pq with 11063557 lines. Took 21.9381 seconds
2021-03-02 20:40:06,564 INFO     generated unique background kmer file in /cluster/work/grlab/projects/projects2020_OHSU/peptides_generation/10c3360_runs_pya0.17.1/OV/TCGA-24-1431.all/spladder_confidence_1/all_frames/TCGA-24-1431.all/integrated_background_kmer.gz.pq 
 
2021-03-02 20:40:06,565 INFO     ...consider foreground file:/cluster/work/grlab/projects/projects2020_OHSU/peptides_generation/10c3360_runs_pya0.17.1/OV/TCGA-24-1431.all/spladder_confidence_1/all_frames/TCGA-24-1431.all/ref_sample_9mer.pq.gz
2021-03-02 20:42:49,559 INFO     Saving parquet ref_sample_9mer_no-annot.gz.pq with 12125385 lines. Took 67.0412 seconds
2021-03-02 20:42:49,560 INFO     output bg-removed kmer file : /cluster/work/grlab/projects/projects2020_OHSU/peptides_generation/10c3360_runs_pya0.17.1/OV/TCGA-24-1431.all/spladder_confidence_1/all_frames/TCGA-24-1431.all/ref_sample_9mer_no-annot.gz.pq 
 
2021-03-02 20:42:49,560 INFO     >>>>>>>>> Remove annotation: Finish

Sender: LSF System <lsfadmin@le-dgx1-004>
Subject: Job 1315407: <diff_annot_ip_tcga> in cluster <ethsec> Done

Job <diff_annot_ip_tcga> was submitted from host <ethsec-login-02> by user <prelotla> in cluster <ethsec> at Tue Mar  2 20:37:17 2021
Job was executed on host(s) <4*le-dgx1-004>, in queue <normal.120h>, as user <prelotla> in cluster <ethsec> at Tue Mar  2 20:37:43 2021
</cluster/home/prelotla> was used as the home directory.
</cluster/home/prelotla/GitHub/projects2020_ohsu/peptides_generation/foreground> was used as the working directory.
Started at Tue Mar  2 20:37:43 2021
Terminated at Tue Mar  2 20:43:27 2021
Results reported at Tue Mar  2 20:43:27 2021

Your job looked like:

------------------------------------------------------------
# LSBATCH: User input
immunopepper samplespecif --annot-kmer-files /cluster/work/grlab/projects/projects2020_OHSU/peptides_generation/10c3360_runs_pya0.17.1/OV/TCGA-24-1431.all/spladder_confidence_2/all_frames/TCGA-24-1431.all/ref_annot_9mer.pq.gz --junction-kmer-files /cluster/work/grlab/projects/projects2020_OHSU/peptides_generation/10c3360_runs_pya0.17.1/OV/TCGA-24-1431.all/spladder_confidence_2/all_frames/TCGA-24-1431.all/ref_sample_9mer.pq.gz --bg-file-path /cluster/work/grlab/projects/projects2020_OHSU/peptides_generation/10c3360_runs_pya0.17.1/OV/TCGA-24-1431.all/spladder_confidence_2/all_frames/TCGA-24-1431.all/integrated_background_kmer.gz.pq --output-suffix no-annot --output-dir /cluster/work/grlab/projects/projects2020_OHSU/peptides_generation/10c3360_runs_pya0.17.1/OV/TCGA-24-1431.all/spladder_confidence_2/all_frames/TCGA-24-1431.all --remove-bg

------------------------------------------------------------

Successfully completed.

Resource usage summary:

    CPU time :                                   341.34 sec.
    Max Memory :                                 10983 MB
    Average Memory :                             5253.08 MB
    Total Requested Memory :                     60000.00 MB
    Delta Memory :                               49017.00 MB
    Max Swap :                                   -
    Max Processes :                              5
    Max Threads :                                9
    Run time :                                   370 sec.
    Turnaround time :                            370 sec.

The output (if any) follows:

2021-03-02 20:37:57,028 INFO     Command lineNamespace(annot_kmer_files=['/cluster/work/grlab/projects/projects2020_OHSU/peptides_generation/10c3360_runs_pya0.17.1/OV/TCGA-24-1431.all/spladder_confidence_2/all_frames/TCGA-24-1431.all/ref_annot_9mer.pq.gz'], bg_file_path='/cluster/work/grlab/projects/projects2020_OHSU/peptides_generation/10c3360_runs_pya0.17.1/OV/TCGA-24-1431.all/spladder_confidence_2/all_frames/TCGA-24-1431.all/integrated_background_kmer.gz.pq', compressed=True, junction_kmer_files=['/cluster/work/grlab/projects/projects2020_OHSU/peptides_generation/10c3360_runs_pya0.17.1/OV/TCGA-24-1431.all/spladder_confidence_2/all_frames/TCGA-24-1431.all/ref_sample_9mer.pq.gz'], output_dir='/cluster/work/grlab/projects/projects2020_OHSU/peptides_generation/10c3360_runs_pya0.17.1/OV/TCGA-24-1431.all/spladder_confidence_2/all_frames/TCGA-24-1431.all', output_suffix='no-annot', parallel=1, remove_bg=True, verbose=1)
2021-03-02 20:37:57,405 INFO     >>>>>>>>> Remove annotation: Start
2021-03-02 20:37:57,408 INFO     ...consider annotation file:/cluster/work/grlab/projects/projects2020_OHSU/peptides_generation/10c3360_runs_pya0.17.1/OV/TCGA-24-1431.all/spladder_confidence_2/all_frames/TCGA-24-1431.all/ref_annot_9mer.pq.gz
2021-03-02 20:40:30,663 INFO     Saving parquet integrated_background_kmer.gz.pq with 11063557 lines. Took 22.3331 seconds
2021-03-02 20:40:30,902 INFO     generated unique background kmer file in /cluster/work/grlab/projects/projects2020_OHSU/peptides_generation/10c3360_runs_pya0.17.1/OV/TCGA-24-1431.all/spladder_confidence_2/all_frames/TCGA-24-1431.all/integrated_background_kmer.gz.pq 
 
2021-03-02 20:40:30,903 INFO     ...consider foreground file:/cluster/work/grlab/projects/projects2020_OHSU/peptides_generation/10c3360_runs_pya0.17.1/OV/TCGA-24-1431.all/spladder_confidence_2/all_frames/TCGA-24-1431.all/ref_sample_9mer.pq.gz
2021-03-02 20:43:20,457 INFO     Saving parquet ref_sample_9mer_no-annot.gz.pq with 12028239 lines. Took 65.919 seconds
2021-03-02 20:43:20,458 INFO     output bg-removed kmer file : /cluster/work/grlab/projects/projects2020_OHSU/peptides_generation/10c3360_runs_pya0.17.1/OV/TCGA-24-1431.all/spladder_confidence_2/all_frames/TCGA-24-1431.all/ref_sample_9mer_no-annot.gz.pq 
 
2021-03-02 20:43:20,458 INFO     >>>>>>>>> Remove annotation: Finish

