Sender: LSF System <lsfadmin@le-s4-058>
Subject: Job 1315377: <diff_annot_ip_tcga> in cluster <ethsec> Done

Job <diff_annot_ip_tcga> was submitted from host <ethsec-login-02> by user <prelotla> in cluster <ethsec> at Tue Mar  2 20:36:58 2021
Job was executed on host(s) <4*le-s4-058>, in queue <normal.120h>, as user <prelotla> in cluster <ethsec> at Tue Mar  2 20:37:13 2021
</cluster/home/prelotla> was used as the home directory.
</cluster/home/prelotla/GitHub/projects2020_ohsu/peptides_generation/foreground> was used as the working directory.
Started at Tue Mar  2 20:37:13 2021
Terminated at Tue Mar  2 20:42:36 2021
Results reported at Tue Mar  2 20:42:36 2021

Your job looked like:

------------------------------------------------------------
# LSBATCH: User input
immunopepper samplespecif --annot-kmer-files /cluster/work/grlab/projects/projects2020_OHSU/peptides_generation/10c3360_runs_pya0.17.1/BRCA/TCGA-A2-A0SX.all/spladder_confidence_1/all_frames/TCGA-A2-A0SX.all/ref_annot_9mer.pq.gz --junction-kmer-files /cluster/work/grlab/projects/projects2020_OHSU/peptides_generation/10c3360_runs_pya0.17.1/BRCA/TCGA-A2-A0SX.all/spladder_confidence_1/all_frames/TCGA-A2-A0SX.all/ref_sample_9mer.pq.gz --bg-file-path /cluster/work/grlab/projects/projects2020_OHSU/peptides_generation/10c3360_runs_pya0.17.1/BRCA/TCGA-A2-A0SX.all/spladder_confidence_1/all_frames/TCGA-A2-A0SX.all/integrated_background_kmer.gz.pq --output-suffix no-annot --output-dir /cluster/work/grlab/projects/projects2020_OHSU/peptides_generation/10c3360_runs_pya0.17.1/BRCA/TCGA-A2-A0SX.all/spladder_confidence_1/all_frames/TCGA-A2-A0SX.all --remove-bg

------------------------------------------------------------

Successfully completed.

Resource usage summary:

    CPU time :                                   319.82 sec.
    Max Memory :                                 11021 MB
    Average Memory :                             5190.00 MB
    Total Requested Memory :                     60000.00 MB
    Delta Memory :                               48979.00 MB
    Max Swap :                                   -
    Max Processes :                              5
    Max Threads :                                9
    Run time :                                   339 sec.
    Turnaround time :                            338 sec.

The output (if any) follows:

2021-03-02 20:37:27,120 INFO     Command lineNamespace(annot_kmer_files=['/cluster/work/grlab/projects/projects2020_OHSU/peptides_generation/10c3360_runs_pya0.17.1/BRCA/TCGA-A2-A0SX.all/spladder_confidence_1/all_frames/TCGA-A2-A0SX.all/ref_annot_9mer.pq.gz'], bg_file_path='/cluster/work/grlab/projects/projects2020_OHSU/peptides_generation/10c3360_runs_pya0.17.1/BRCA/TCGA-A2-A0SX.all/spladder_confidence_1/all_frames/TCGA-A2-A0SX.all/integrated_background_kmer.gz.pq', compressed=True, junction_kmer_files=['/cluster/work/grlab/projects/projects2020_OHSU/peptides_generation/10c3360_runs_pya0.17.1/BRCA/TCGA-A2-A0SX.all/spladder_confidence_1/all_frames/TCGA-A2-A0SX.all/ref_sample_9mer.pq.gz'], output_dir='/cluster/work/grlab/projects/projects2020_OHSU/peptides_generation/10c3360_runs_pya0.17.1/BRCA/TCGA-A2-A0SX.all/spladder_confidence_1/all_frames/TCGA-A2-A0SX.all', output_suffix='no-annot', parallel=1, remove_bg=True, verbose=1)
2021-03-02 20:37:27,418 INFO     >>>>>>>>> Remove annotation: Start
2021-03-02 20:37:27,421 INFO     ...consider annotation file:/cluster/work/grlab/projects/projects2020_OHSU/peptides_generation/10c3360_runs_pya0.17.1/BRCA/TCGA-A2-A0SX.all/spladder_confidence_1/all_frames/TCGA-A2-A0SX.all/ref_annot_9mer.pq.gz
2021-03-02 20:39:47,970 INFO     Saving parquet integrated_background_kmer.gz.pq with 11063557 lines. Took 22.0923 seconds
2021-03-02 20:39:48,198 INFO     generated unique background kmer file in /cluster/work/grlab/projects/projects2020_OHSU/peptides_generation/10c3360_runs_pya0.17.1/BRCA/TCGA-A2-A0SX.all/spladder_confidence_1/all_frames/TCGA-A2-A0SX.all/integrated_background_kmer.gz.pq 
 
2021-03-02 20:39:48,199 INFO     ...consider foreground file:/cluster/work/grlab/projects/projects2020_OHSU/peptides_generation/10c3360_runs_pya0.17.1/BRCA/TCGA-A2-A0SX.all/spladder_confidence_1/all_frames/TCGA-A2-A0SX.all/ref_sample_9mer.pq.gz
2021-03-02 20:42:30,195 INFO     Saving parquet ref_sample_9mer_no-annot.gz.pq with 12040831 lines. Took 67.0728 seconds
2021-03-02 20:42:30,196 INFO     output bg-removed kmer file : /cluster/work/grlab/projects/projects2020_OHSU/peptides_generation/10c3360_runs_pya0.17.1/BRCA/TCGA-A2-A0SX.all/spladder_confidence_1/all_frames/TCGA-A2-A0SX.all/ref_sample_9mer_no-annot.gz.pq 
 
2021-03-02 20:42:30,196 INFO     >>>>>>>>> Remove annotation: Finish

Sender: LSF System <lsfadmin@le-gtx-003>
Subject: Job 1315382: <diff_annot_ip_tcga> in cluster <ethsec> Done

Job <diff_annot_ip_tcga> was submitted from host <ethsec-login-02> by user <prelotla> in cluster <ethsec> at Tue Mar  2 20:37:01 2021
Job was executed on host(s) <4*le-gtx-003>, in queue <normal.120h>, as user <prelotla> in cluster <ethsec> at Tue Mar  2 20:37:13 2021
</cluster/home/prelotla> was used as the home directory.
</cluster/home/prelotla/GitHub/projects2020_ohsu/peptides_generation/foreground> was used as the working directory.
Started at Tue Mar  2 20:37:13 2021
Terminated at Tue Mar  2 20:42:38 2021
Results reported at Tue Mar  2 20:42:38 2021

Your job looked like:

------------------------------------------------------------
# LSBATCH: User input
immunopepper samplespecif --annot-kmer-files /cluster/work/grlab/projects/projects2020_OHSU/peptides_generation/10c3360_runs_pya0.17.1/BRCA/TCGA-A2-A0SX.all/spladder_confidence_2/annot_frames/TCGA-A2-A0SX.all/ref_annot_9mer.pq.gz --junction-kmer-files /cluster/work/grlab/projects/projects2020_OHSU/peptides_generation/10c3360_runs_pya0.17.1/BRCA/TCGA-A2-A0SX.all/spladder_confidence_2/annot_frames/TCGA-A2-A0SX.all/ref_sample_9mer.pq.gz --bg-file-path /cluster/work/grlab/projects/projects2020_OHSU/peptides_generation/10c3360_runs_pya0.17.1/BRCA/TCGA-A2-A0SX.all/spladder_confidence_2/annot_frames/TCGA-A2-A0SX.all/integrated_background_kmer.gz.pq --output-suffix no-annot --output-dir /cluster/work/grlab/projects/projects2020_OHSU/peptides_generation/10c3360_runs_pya0.17.1/BRCA/TCGA-A2-A0SX.all/spladder_confidence_2/annot_frames/TCGA-A2-A0SX.all --remove-bg

------------------------------------------------------------

Successfully completed.

Resource usage summary:

    CPU time :                                   323.06 sec.
    Max Memory :                                 10946 MB
    Average Memory :                             4012.54 MB
    Total Requested Memory :                     60000.00 MB
    Delta Memory :                               49054.00 MB
    Max Swap :                                   -
    Max Processes :                              5
    Max Threads :                                9
    Run time :                                   325 sec.
    Turnaround time :                            337 sec.

The output (if any) follows:

2021-03-02 20:37:25,723 INFO     Command lineNamespace(annot_kmer_files=['/cluster/work/grlab/projects/projects2020_OHSU/peptides_generation/10c3360_runs_pya0.17.1/BRCA/TCGA-A2-A0SX.all/spladder_confidence_2/annot_frames/TCGA-A2-A0SX.all/ref_annot_9mer.pq.gz'], bg_file_path='/cluster/work/grlab/projects/projects2020_OHSU/peptides_generation/10c3360_runs_pya0.17.1/BRCA/TCGA-A2-A0SX.all/spladder_confidence_2/annot_frames/TCGA-A2-A0SX.all/integrated_background_kmer.gz.pq', compressed=True, junction_kmer_files=['/cluster/work/grlab/projects/projects2020_OHSU/peptides_generation/10c3360_runs_pya0.17.1/BRCA/TCGA-A2-A0SX.all/spladder_confidence_2/annot_frames/TCGA-A2-A0SX.all/ref_sample_9mer.pq.gz'], output_dir='/cluster/work/grlab/projects/projects2020_OHSU/peptides_generation/10c3360_runs_pya0.17.1/BRCA/TCGA-A2-A0SX.all/spladder_confidence_2/annot_frames/TCGA-A2-A0SX.all', output_suffix='no-annot', parallel=1, remove_bg=True, verbose=1)
2021-03-02 20:37:25,963 INFO     >>>>>>>>> Remove annotation: Start
2021-03-02 20:37:25,967 INFO     ...consider annotation file:/cluster/work/grlab/projects/projects2020_OHSU/peptides_generation/10c3360_runs_pya0.17.1/BRCA/TCGA-A2-A0SX.all/spladder_confidence_2/annot_frames/TCGA-A2-A0SX.all/ref_annot_9mer.pq.gz
2021-03-02 20:39:48,220 INFO     Saving parquet integrated_background_kmer.gz.pq with 11063557 lines. Took 21.9833 seconds
2021-03-02 20:39:48,455 INFO     generated unique background kmer file in /cluster/work/grlab/projects/projects2020_OHSU/peptides_generation/10c3360_runs_pya0.17.1/BRCA/TCGA-A2-A0SX.all/spladder_confidence_2/annot_frames/TCGA-A2-A0SX.all/integrated_background_kmer.gz.pq 
 
2021-03-02 20:39:48,455 INFO     ...consider foreground file:/cluster/work/grlab/projects/projects2020_OHSU/peptides_generation/10c3360_runs_pya0.17.1/BRCA/TCGA-A2-A0SX.all/spladder_confidence_2/annot_frames/TCGA-A2-A0SX.all/ref_sample_9mer.pq.gz
2021-03-02 20:42:31,160 INFO     Saving parquet ref_sample_9mer_no-annot.gz.pq with 11954581 lines. Took 67.0979 seconds
2021-03-02 20:42:31,161 INFO     output bg-removed kmer file : /cluster/work/grlab/projects/projects2020_OHSU/peptides_generation/10c3360_runs_pya0.17.1/BRCA/TCGA-A2-A0SX.all/spladder_confidence_2/annot_frames/TCGA-A2-A0SX.all/ref_sample_9mer_no-annot.gz.pq 
 
2021-03-02 20:42:31,161 INFO     >>>>>>>>> Remove annotation: Finish

Sender: LSF System <lsfadmin@le-gtx-011>
Subject: Job 1315387: <diff_annot_ip_tcga> in cluster <ethsec> Done

Job <diff_annot_ip_tcga> was submitted from host <ethsec-login-02> by user <prelotla> in cluster <ethsec> at Tue Mar  2 20:37:05 2021
Job was executed on host(s) <4*le-gtx-011>, in queue <normal.120h>, as user <prelotla> in cluster <ethsec> at Tue Mar  2 20:37:13 2021
</cluster/home/prelotla> was used as the home directory.
</cluster/home/prelotla/GitHub/projects2020_ohsu/peptides_generation/foreground> was used as the working directory.
Started at Tue Mar  2 20:37:13 2021
Terminated at Tue Mar  2 20:42:52 2021
Results reported at Tue Mar  2 20:42:52 2021

Your job looked like:

------------------------------------------------------------
# LSBATCH: User input
immunopepper samplespecif --annot-kmer-files /cluster/work/grlab/projects/projects2020_OHSU/peptides_generation/10c3360_runs_pya0.17.1/BRCA/TCGA-A2-A0SX.all/spladder_confidence_2/all_frames/TCGA-A2-A0SX.all/ref_annot_9mer.pq.gz --junction-kmer-files /cluster/work/grlab/projects/projects2020_OHSU/peptides_generation/10c3360_runs_pya0.17.1/BRCA/TCGA-A2-A0SX.all/spladder_confidence_2/all_frames/TCGA-A2-A0SX.all/ref_sample_9mer.pq.gz --bg-file-path /cluster/work/grlab/projects/projects2020_OHSU/peptides_generation/10c3360_runs_pya0.17.1/BRCA/TCGA-A2-A0SX.all/spladder_confidence_2/all_frames/TCGA-A2-A0SX.all/integrated_background_kmer.gz.pq --output-suffix no-annot --output-dir /cluster/work/grlab/projects/projects2020_OHSU/peptides_generation/10c3360_runs_pya0.17.1/BRCA/TCGA-A2-A0SX.all/spladder_confidence_2/all_frames/TCGA-A2-A0SX.all --remove-bg

------------------------------------------------------------

Successfully completed.

Resource usage summary:

    CPU time :                                   334.53 sec.
    Max Memory :                                 11030 MB
    Average Memory :                             3836.00 MB
    Total Requested Memory :                     60000.00 MB
    Delta Memory :                               48970.00 MB
    Max Swap :                                   -
    Max Processes :                              5
    Max Threads :                                9
    Run time :                                   339 sec.
    Turnaround time :                            347 sec.

The output (if any) follows:

2021-03-02 20:37:28,597 INFO     Command lineNamespace(annot_kmer_files=['/cluster/work/grlab/projects/projects2020_OHSU/peptides_generation/10c3360_runs_pya0.17.1/BRCA/TCGA-A2-A0SX.all/spladder_confidence_2/all_frames/TCGA-A2-A0SX.all/ref_annot_9mer.pq.gz'], bg_file_path='/cluster/work/grlab/projects/projects2020_OHSU/peptides_generation/10c3360_runs_pya0.17.1/BRCA/TCGA-A2-A0SX.all/spladder_confidence_2/all_frames/TCGA-A2-A0SX.all/integrated_background_kmer.gz.pq', compressed=True, junction_kmer_files=['/cluster/work/grlab/projects/projects2020_OHSU/peptides_generation/10c3360_runs_pya0.17.1/BRCA/TCGA-A2-A0SX.all/spladder_confidence_2/all_frames/TCGA-A2-A0SX.all/ref_sample_9mer.pq.gz'], output_dir='/cluster/work/grlab/projects/projects2020_OHSU/peptides_generation/10c3360_runs_pya0.17.1/BRCA/TCGA-A2-A0SX.all/spladder_confidence_2/all_frames/TCGA-A2-A0SX.all', output_suffix='no-annot', parallel=1, remove_bg=True, verbose=1)
2021-03-02 20:37:29,471 INFO     >>>>>>>>> Remove annotation: Start
2021-03-02 20:37:29,474 INFO     ...consider annotation file:/cluster/work/grlab/projects/projects2020_OHSU/peptides_generation/10c3360_runs_pya0.17.1/BRCA/TCGA-A2-A0SX.all/spladder_confidence_2/all_frames/TCGA-A2-A0SX.all/ref_annot_9mer.pq.gz
2021-03-02 20:39:57,148 INFO     Saving parquet integrated_background_kmer.gz.pq with 11063557 lines. Took 22.9565 seconds
2021-03-02 20:39:57,343 INFO     generated unique background kmer file in /cluster/work/grlab/projects/projects2020_OHSU/peptides_generation/10c3360_runs_pya0.17.1/BRCA/TCGA-A2-A0SX.all/spladder_confidence_2/all_frames/TCGA-A2-A0SX.all/integrated_background_kmer.gz.pq 
 
2021-03-02 20:39:57,343 INFO     ...consider foreground file:/cluster/work/grlab/projects/projects2020_OHSU/peptides_generation/10c3360_runs_pya0.17.1/BRCA/TCGA-A2-A0SX.all/spladder_confidence_2/all_frames/TCGA-A2-A0SX.all/ref_sample_9mer.pq.gz
2021-03-02 20:42:44,818 INFO     Saving parquet ref_sample_9mer_no-annot.gz.pq with 11954581 lines. Took 69.6386 seconds
2021-03-02 20:42:44,819 INFO     output bg-removed kmer file : /cluster/work/grlab/projects/projects2020_OHSU/peptides_generation/10c3360_runs_pya0.17.1/BRCA/TCGA-A2-A0SX.all/spladder_confidence_2/all_frames/TCGA-A2-A0SX.all/ref_sample_9mer_no-annot.gz.pq 
 
2021-03-02 20:42:44,819 INFO     >>>>>>>>> Remove annotation: Finish

Sender: LSF System <lsfadmin@le-gtx-012>
Subject: Job 1315372: <diff_annot_ip_tcga> in cluster <ethsec> Done

Job <diff_annot_ip_tcga> was submitted from host <ethsec-login-02> by user <prelotla> in cluster <ethsec> at Tue Mar  2 20:36:55 2021
Job was executed on host(s) <4*le-gtx-012>, in queue <normal.120h>, as user <prelotla> in cluster <ethsec> at Tue Mar  2 20:37:13 2021
</cluster/home/prelotla> was used as the home directory.
</cluster/home/prelotla/GitHub/projects2020_ohsu/peptides_generation/foreground> was used as the working directory.
Started at Tue Mar  2 20:37:13 2021
Terminated at Tue Mar  2 20:43:17 2021
Results reported at Tue Mar  2 20:43:17 2021

Your job looked like:

------------------------------------------------------------
# LSBATCH: User input
immunopepper samplespecif --annot-kmer-files /cluster/work/grlab/projects/projects2020_OHSU/peptides_generation/10c3360_runs_pya0.17.1/BRCA/TCGA-A2-A0SX.all/spladder_confidence_1/annot_frames/TCGA-A2-A0SX.all/ref_annot_9mer.pq.gz --junction-kmer-files /cluster/work/grlab/projects/projects2020_OHSU/peptides_generation/10c3360_runs_pya0.17.1/BRCA/TCGA-A2-A0SX.all/spladder_confidence_1/annot_frames/TCGA-A2-A0SX.all/ref_sample_9mer.pq.gz --bg-file-path /cluster/work/grlab/projects/projects2020_OHSU/peptides_generation/10c3360_runs_pya0.17.1/BRCA/TCGA-A2-A0SX.all/spladder_confidence_1/annot_frames/TCGA-A2-A0SX.all/integrated_background_kmer.gz.pq --output-suffix no-annot --output-dir /cluster/work/grlab/projects/projects2020_OHSU/peptides_generation/10c3360_runs_pya0.17.1/BRCA/TCGA-A2-A0SX.all/spladder_confidence_1/annot_frames/TCGA-A2-A0SX.all --remove-bg

------------------------------------------------------------

Successfully completed.

Resource usage summary:

    CPU time :                                   359.45 sec.
    Max Memory :                                 11103 MB
    Average Memory :                             4912.79 MB
    Total Requested Memory :                     60000.00 MB
    Delta Memory :                               48897.00 MB
    Max Swap :                                   -
    Max Processes :                              5
    Max Threads :                                9
    Run time :                                   364 sec.
    Turnaround time :                            382 sec.

The output (if any) follows:

2021-03-02 20:37:28,167 INFO     Command lineNamespace(annot_kmer_files=['/cluster/work/grlab/projects/projects2020_OHSU/peptides_generation/10c3360_runs_pya0.17.1/BRCA/TCGA-A2-A0SX.all/spladder_confidence_1/annot_frames/TCGA-A2-A0SX.all/ref_annot_9mer.pq.gz'], bg_file_path='/cluster/work/grlab/projects/projects2020_OHSU/peptides_generation/10c3360_runs_pya0.17.1/BRCA/TCGA-A2-A0SX.all/spladder_confidence_1/annot_frames/TCGA-A2-A0SX.all/integrated_background_kmer.gz.pq', compressed=True, junction_kmer_files=['/cluster/work/grlab/projects/projects2020_OHSU/peptides_generation/10c3360_runs_pya0.17.1/BRCA/TCGA-A2-A0SX.all/spladder_confidence_1/annot_frames/TCGA-A2-A0SX.all/ref_sample_9mer.pq.gz'], output_dir='/cluster/work/grlab/projects/projects2020_OHSU/peptides_generation/10c3360_runs_pya0.17.1/BRCA/TCGA-A2-A0SX.all/spladder_confidence_1/annot_frames/TCGA-A2-A0SX.all', output_suffix='no-annot', parallel=1, remove_bg=True, verbose=1)
2021-03-02 20:37:28,983 INFO     >>>>>>>>> Remove annotation: Start
2021-03-02 20:37:28,987 INFO     ...consider annotation file:/cluster/work/grlab/projects/projects2020_OHSU/peptides_generation/10c3360_runs_pya0.17.1/BRCA/TCGA-A2-A0SX.all/spladder_confidence_1/annot_frames/TCGA-A2-A0SX.all/ref_annot_9mer.pq.gz
2021-03-02 20:40:11,457 INFO     Saving parquet integrated_background_kmer.gz.pq with 11063557 lines. Took 24.311 seconds
2021-03-02 20:40:11,695 INFO     generated unique background kmer file in /cluster/work/grlab/projects/projects2020_OHSU/peptides_generation/10c3360_runs_pya0.17.1/BRCA/TCGA-A2-A0SX.all/spladder_confidence_1/annot_frames/TCGA-A2-A0SX.all/integrated_background_kmer.gz.pq 
 
2021-03-02 20:40:11,695 INFO     ...consider foreground file:/cluster/work/grlab/projects/projects2020_OHSU/peptides_generation/10c3360_runs_pya0.17.1/BRCA/TCGA-A2-A0SX.all/spladder_confidence_1/annot_frames/TCGA-A2-A0SX.all/ref_sample_9mer.pq.gz
2021-03-02 20:43:10,387 INFO     Saving parquet ref_sample_9mer_no-annot.gz.pq with 12040831 lines. Took 73.5534 seconds
2021-03-02 20:43:10,388 INFO     output bg-removed kmer file : /cluster/work/grlab/projects/projects2020_OHSU/peptides_generation/10c3360_runs_pya0.17.1/BRCA/TCGA-A2-A0SX.all/spladder_confidence_1/annot_frames/TCGA-A2-A0SX.all/ref_sample_9mer_no-annot.gz.pq 
 
2021-03-02 20:43:10,389 INFO     >>>>>>>>> Remove annotation: Finish

