Sender: LSF System <lsfadmin@le-s4-088>
Subject: Job 1315403: <diff_annot_ip_tcga> in cluster <ethsec> Done

Job <diff_annot_ip_tcga> was submitted from host <ethsec-login-02> by user <prelotla> in cluster <ethsec> at Tue Mar  2 20:37:15 2021
Job was executed on host(s) <4*le-s4-088>, in queue <normal.120h>, as user <prelotla> in cluster <ethsec> at Tue Mar  2 20:37:43 2021
</cluster/home/prelotla> was used as the home directory.
</cluster/home/prelotla/GitHub/projects2020_ohsu/peptides_generation/foreground> was used as the working directory.
Started at Tue Mar  2 20:37:43 2021
Terminated at Tue Mar  2 20:42:43 2021
Results reported at Tue Mar  2 20:42:43 2021

Your job looked like:

------------------------------------------------------------
# LSBATCH: User input
immunopepper samplespecif --annot-kmer-files /cluster/work/grlab/projects/projects2020_OHSU/peptides_generation/10c3360_runs_pya0.17.1/OV/TCGA-61-2008.all/spladder_confidence_2/annot_frames/TCGA-61-2008.all/ref_annot_9mer.pq.gz --junction-kmer-files /cluster/work/grlab/projects/projects2020_OHSU/peptides_generation/10c3360_runs_pya0.17.1/OV/TCGA-61-2008.all/spladder_confidence_2/annot_frames/TCGA-61-2008.all/ref_sample_9mer.pq.gz --bg-file-path /cluster/work/grlab/projects/projects2020_OHSU/peptides_generation/10c3360_runs_pya0.17.1/OV/TCGA-61-2008.all/spladder_confidence_2/annot_frames/TCGA-61-2008.all/integrated_background_kmer.gz.pq --output-suffix no-annot --output-dir /cluster/work/grlab/projects/projects2020_OHSU/peptides_generation/10c3360_runs_pya0.17.1/OV/TCGA-61-2008.all/spladder_confidence_2/annot_frames/TCGA-61-2008.all --remove-bg

------------------------------------------------------------

Successfully completed.

Resource usage summary:

    CPU time :                                   296.91 sec.
    Max Memory :                                 11049 MB
    Average Memory :                             4372.17 MB
    Total Requested Memory :                     60000.00 MB
    Delta Memory :                               48951.00 MB
    Max Swap :                                   -
    Max Processes :                              5
    Max Threads :                                9
    Run time :                                   326 sec.
    Turnaround time :                            328 sec.

The output (if any) follows:

2021-03-02 20:37:54,044 INFO     Command lineNamespace(annot_kmer_files=['/cluster/work/grlab/projects/projects2020_OHSU/peptides_generation/10c3360_runs_pya0.17.1/OV/TCGA-61-2008.all/spladder_confidence_2/annot_frames/TCGA-61-2008.all/ref_annot_9mer.pq.gz'], bg_file_path='/cluster/work/grlab/projects/projects2020_OHSU/peptides_generation/10c3360_runs_pya0.17.1/OV/TCGA-61-2008.all/spladder_confidence_2/annot_frames/TCGA-61-2008.all/integrated_background_kmer.gz.pq', compressed=True, junction_kmer_files=['/cluster/work/grlab/projects/projects2020_OHSU/peptides_generation/10c3360_runs_pya0.17.1/OV/TCGA-61-2008.all/spladder_confidence_2/annot_frames/TCGA-61-2008.all/ref_sample_9mer.pq.gz'], output_dir='/cluster/work/grlab/projects/projects2020_OHSU/peptides_generation/10c3360_runs_pya0.17.1/OV/TCGA-61-2008.all/spladder_confidence_2/annot_frames/TCGA-61-2008.all', output_suffix='no-annot', parallel=1, remove_bg=True, verbose=1)
2021-03-02 20:37:54,278 INFO     >>>>>>>>> Remove annotation: Start
2021-03-02 20:37:54,281 INFO     ...consider annotation file:/cluster/work/grlab/projects/projects2020_OHSU/peptides_generation/10c3360_runs_pya0.17.1/OV/TCGA-61-2008.all/spladder_confidence_2/annot_frames/TCGA-61-2008.all/ref_annot_9mer.pq.gz
2021-03-02 20:40:06,415 INFO     Saving parquet integrated_background_kmer.gz.pq with 11063557 lines. Took 18.2739 seconds
2021-03-02 20:40:06,587 INFO     generated unique background kmer file in /cluster/work/grlab/projects/projects2020_OHSU/peptides_generation/10c3360_runs_pya0.17.1/OV/TCGA-61-2008.all/spladder_confidence_2/annot_frames/TCGA-61-2008.all/integrated_background_kmer.gz.pq 
 
2021-03-02 20:40:06,587 INFO     ...consider foreground file:/cluster/work/grlab/projects/projects2020_OHSU/peptides_generation/10c3360_runs_pya0.17.1/OV/TCGA-61-2008.all/spladder_confidence_2/annot_frames/TCGA-61-2008.all/ref_sample_9mer.pq.gz
2021-03-02 20:42:35,767 INFO     Saving parquet ref_sample_9mer_no-annot.gz.pq with 12389456 lines. Took 56.3443 seconds
2021-03-02 20:42:35,768 INFO     output bg-removed kmer file : /cluster/work/grlab/projects/projects2020_OHSU/peptides_generation/10c3360_runs_pya0.17.1/OV/TCGA-61-2008.all/spladder_confidence_2/annot_frames/TCGA-61-2008.all/ref_sample_9mer_no-annot.gz.pq 
 
2021-03-02 20:42:35,768 INFO     >>>>>>>>> Remove annotation: Finish

Sender: LSF System <lsfadmin@le-gtx-008>
Subject: Job 1315398: <diff_annot_ip_tcga> in cluster <ethsec> Done

Job <diff_annot_ip_tcga> was submitted from host <ethsec-login-02> by user <prelotla> in cluster <ethsec> at Tue Mar  2 20:37:12 2021
Job was executed on host(s) <4*le-gtx-008>, in queue <normal.120h>, as user <prelotla> in cluster <ethsec> at Tue Mar  2 20:37:13 2021
</cluster/home/prelotla> was used as the home directory.
</cluster/home/prelotla/GitHub/projects2020_ohsu/peptides_generation/foreground> was used as the working directory.
Started at Tue Mar  2 20:37:13 2021
Terminated at Tue Mar  2 20:42:57 2021
Results reported at Tue Mar  2 20:42:57 2021

Your job looked like:

------------------------------------------------------------
# LSBATCH: User input
immunopepper samplespecif --annot-kmer-files /cluster/work/grlab/projects/projects2020_OHSU/peptides_generation/10c3360_runs_pya0.17.1/OV/TCGA-61-2008.all/spladder_confidence_1/all_frames/TCGA-61-2008.all/ref_annot_9mer.pq.gz --junction-kmer-files /cluster/work/grlab/projects/projects2020_OHSU/peptides_generation/10c3360_runs_pya0.17.1/OV/TCGA-61-2008.all/spladder_confidence_1/all_frames/TCGA-61-2008.all/ref_sample_9mer.pq.gz --bg-file-path /cluster/work/grlab/projects/projects2020_OHSU/peptides_generation/10c3360_runs_pya0.17.1/OV/TCGA-61-2008.all/spladder_confidence_1/all_frames/TCGA-61-2008.all/integrated_background_kmer.gz.pq --output-suffix no-annot --output-dir /cluster/work/grlab/projects/projects2020_OHSU/peptides_generation/10c3360_runs_pya0.17.1/OV/TCGA-61-2008.all/spladder_confidence_1/all_frames/TCGA-61-2008.all --remove-bg

------------------------------------------------------------

Successfully completed.

Resource usage summary:

    CPU time :                                   339.60 sec.
    Max Memory :                                 11070 MB
    Average Memory :                             5238.46 MB
    Total Requested Memory :                     60000.00 MB
    Delta Memory :                               48930.00 MB
    Max Swap :                                   -
    Max Processes :                              5
    Max Threads :                                9
    Run time :                                   344 sec.
    Turnaround time :                            345 sec.

The output (if any) follows:

2021-03-02 20:37:28,326 INFO     Command lineNamespace(annot_kmer_files=['/cluster/work/grlab/projects/projects2020_OHSU/peptides_generation/10c3360_runs_pya0.17.1/OV/TCGA-61-2008.all/spladder_confidence_1/all_frames/TCGA-61-2008.all/ref_annot_9mer.pq.gz'], bg_file_path='/cluster/work/grlab/projects/projects2020_OHSU/peptides_generation/10c3360_runs_pya0.17.1/OV/TCGA-61-2008.all/spladder_confidence_1/all_frames/TCGA-61-2008.all/integrated_background_kmer.gz.pq', compressed=True, junction_kmer_files=['/cluster/work/grlab/projects/projects2020_OHSU/peptides_generation/10c3360_runs_pya0.17.1/OV/TCGA-61-2008.all/spladder_confidence_1/all_frames/TCGA-61-2008.all/ref_sample_9mer.pq.gz'], output_dir='/cluster/work/grlab/projects/projects2020_OHSU/peptides_generation/10c3360_runs_pya0.17.1/OV/TCGA-61-2008.all/spladder_confidence_1/all_frames/TCGA-61-2008.all', output_suffix='no-annot', parallel=1, remove_bg=True, verbose=1)
2021-03-02 20:37:29,129 INFO     >>>>>>>>> Remove annotation: Start
2021-03-02 20:37:29,132 INFO     ...consider annotation file:/cluster/work/grlab/projects/projects2020_OHSU/peptides_generation/10c3360_runs_pya0.17.1/OV/TCGA-61-2008.all/spladder_confidence_1/all_frames/TCGA-61-2008.all/ref_annot_9mer.pq.gz
2021-03-02 20:39:57,601 INFO     Saving parquet integrated_background_kmer.gz.pq with 11063557 lines. Took 22.7023 seconds
2021-03-02 20:39:57,823 INFO     generated unique background kmer file in /cluster/work/grlab/projects/projects2020_OHSU/peptides_generation/10c3360_runs_pya0.17.1/OV/TCGA-61-2008.all/spladder_confidence_1/all_frames/TCGA-61-2008.all/integrated_background_kmer.gz.pq 
 
2021-03-02 20:39:57,824 INFO     ...consider foreground file:/cluster/work/grlab/projects/projects2020_OHSU/peptides_generation/10c3360_runs_pya0.17.1/OV/TCGA-61-2008.all/spladder_confidence_1/all_frames/TCGA-61-2008.all/ref_sample_9mer.pq.gz
2021-03-02 20:42:50,354 INFO     Saving parquet ref_sample_9mer_no-annot.gz.pq with 12491075 lines. Took 71.7271 seconds
2021-03-02 20:42:50,355 INFO     output bg-removed kmer file : /cluster/work/grlab/projects/projects2020_OHSU/peptides_generation/10c3360_runs_pya0.17.1/OV/TCGA-61-2008.all/spladder_confidence_1/all_frames/TCGA-61-2008.all/ref_sample_9mer_no-annot.gz.pq 
 
2021-03-02 20:42:50,356 INFO     >>>>>>>>> Remove annotation: Finish

Sender: LSF System <lsfadmin@le-gtx-007>
Subject: Job 1315393: <diff_annot_ip_tcga> in cluster <ethsec> Done

Job <diff_annot_ip_tcga> was submitted from host <ethsec-login-02> by user <prelotla> in cluster <ethsec> at Tue Mar  2 20:37:08 2021
Job was executed on host(s) <4*le-gtx-007>, in queue <normal.120h>, as user <prelotla> in cluster <ethsec> at Tue Mar  2 20:37:13 2021
</cluster/home/prelotla> was used as the home directory.
</cluster/home/prelotla/GitHub/projects2020_ohsu/peptides_generation/foreground> was used as the working directory.
Started at Tue Mar  2 20:37:13 2021
Terminated at Tue Mar  2 20:42:58 2021
Results reported at Tue Mar  2 20:42:58 2021

Your job looked like:

------------------------------------------------------------
# LSBATCH: User input
immunopepper samplespecif --annot-kmer-files /cluster/work/grlab/projects/projects2020_OHSU/peptides_generation/10c3360_runs_pya0.17.1/OV/TCGA-61-2008.all/spladder_confidence_1/annot_frames/TCGA-61-2008.all/ref_annot_9mer.pq.gz --junction-kmer-files /cluster/work/grlab/projects/projects2020_OHSU/peptides_generation/10c3360_runs_pya0.17.1/OV/TCGA-61-2008.all/spladder_confidence_1/annot_frames/TCGA-61-2008.all/ref_sample_9mer.pq.gz --bg-file-path /cluster/work/grlab/projects/projects2020_OHSU/peptides_generation/10c3360_runs_pya0.17.1/OV/TCGA-61-2008.all/spladder_confidence_1/annot_frames/TCGA-61-2008.all/integrated_background_kmer.gz.pq --output-suffix no-annot --output-dir /cluster/work/grlab/projects/projects2020_OHSU/peptides_generation/10c3360_runs_pya0.17.1/OV/TCGA-61-2008.all/spladder_confidence_1/annot_frames/TCGA-61-2008.all --remove-bg

------------------------------------------------------------

Successfully completed.

Resource usage summary:

    CPU time :                                   340.56 sec.
    Max Memory :                                 11061 MB
    Average Memory :                             5248.71 MB
    Total Requested Memory :                     60000.00 MB
    Delta Memory :                               48939.00 MB
    Max Swap :                                   -
    Max Processes :                              5
    Max Threads :                                9
    Run time :                                   345 sec.
    Turnaround time :                            350 sec.

The output (if any) follows:

2021-03-02 20:37:27,278 INFO     Command lineNamespace(annot_kmer_files=['/cluster/work/grlab/projects/projects2020_OHSU/peptides_generation/10c3360_runs_pya0.17.1/OV/TCGA-61-2008.all/spladder_confidence_1/annot_frames/TCGA-61-2008.all/ref_annot_9mer.pq.gz'], bg_file_path='/cluster/work/grlab/projects/projects2020_OHSU/peptides_generation/10c3360_runs_pya0.17.1/OV/TCGA-61-2008.all/spladder_confidence_1/annot_frames/TCGA-61-2008.all/integrated_background_kmer.gz.pq', compressed=True, junction_kmer_files=['/cluster/work/grlab/projects/projects2020_OHSU/peptides_generation/10c3360_runs_pya0.17.1/OV/TCGA-61-2008.all/spladder_confidence_1/annot_frames/TCGA-61-2008.all/ref_sample_9mer.pq.gz'], output_dir='/cluster/work/grlab/projects/projects2020_OHSU/peptides_generation/10c3360_runs_pya0.17.1/OV/TCGA-61-2008.all/spladder_confidence_1/annot_frames/TCGA-61-2008.all', output_suffix='no-annot', parallel=1, remove_bg=True, verbose=1)
2021-03-02 20:37:27,358 INFO     >>>>>>>>> Remove annotation: Start
2021-03-02 20:37:27,361 INFO     ...consider annotation file:/cluster/work/grlab/projects/projects2020_OHSU/peptides_generation/10c3360_runs_pya0.17.1/OV/TCGA-61-2008.all/spladder_confidence_1/annot_frames/TCGA-61-2008.all/ref_annot_9mer.pq.gz
2021-03-02 20:39:58,863 INFO     Saving parquet integrated_background_kmer.gz.pq with 11063557 lines. Took 23.1628 seconds
2021-03-02 20:39:59,111 INFO     generated unique background kmer file in /cluster/work/grlab/projects/projects2020_OHSU/peptides_generation/10c3360_runs_pya0.17.1/OV/TCGA-61-2008.all/spladder_confidence_1/annot_frames/TCGA-61-2008.all/integrated_background_kmer.gz.pq 
 
2021-03-02 20:39:59,112 INFO     ...consider foreground file:/cluster/work/grlab/projects/projects2020_OHSU/peptides_generation/10c3360_runs_pya0.17.1/OV/TCGA-61-2008.all/spladder_confidence_1/annot_frames/TCGA-61-2008.all/ref_sample_9mer.pq.gz
2021-03-02 20:42:51,809 INFO     Saving parquet ref_sample_9mer_no-annot.gz.pq with 12491075 lines. Took 69.8182 seconds
2021-03-02 20:42:51,810 INFO     output bg-removed kmer file : /cluster/work/grlab/projects/projects2020_OHSU/peptides_generation/10c3360_runs_pya0.17.1/OV/TCGA-61-2008.all/spladder_confidence_1/annot_frames/TCGA-61-2008.all/ref_sample_9mer_no-annot.gz.pq 
 
2021-03-02 20:42:51,811 INFO     >>>>>>>>> Remove annotation: Finish

Sender: LSF System <lsfadmin@le-dgx1-004>
Subject: Job 1315408: <diff_annot_ip_tcga> in cluster <ethsec> Done

Job <diff_annot_ip_tcga> was submitted from host <ethsec-login-02> by user <prelotla> in cluster <ethsec> at Tue Mar  2 20:37:18 2021
Job was executed on host(s) <4*le-dgx1-004>, in queue <normal.120h>, as user <prelotla> in cluster <ethsec> at Tue Mar  2 20:37:43 2021
</cluster/home/prelotla> was used as the home directory.
</cluster/home/prelotla/GitHub/projects2020_ohsu/peptides_generation/foreground> was used as the working directory.
Started at Tue Mar  2 20:37:43 2021
Terminated at Tue Mar  2 20:43:34 2021
Results reported at Tue Mar  2 20:43:34 2021

Your job looked like:

------------------------------------------------------------
# LSBATCH: User input
immunopepper samplespecif --annot-kmer-files /cluster/work/grlab/projects/projects2020_OHSU/peptides_generation/10c3360_runs_pya0.17.1/OV/TCGA-61-2008.all/spladder_confidence_2/all_frames/TCGA-61-2008.all/ref_annot_9mer.pq.gz --junction-kmer-files /cluster/work/grlab/projects/projects2020_OHSU/peptides_generation/10c3360_runs_pya0.17.1/OV/TCGA-61-2008.all/spladder_confidence_2/all_frames/TCGA-61-2008.all/ref_sample_9mer.pq.gz --bg-file-path /cluster/work/grlab/projects/projects2020_OHSU/peptides_generation/10c3360_runs_pya0.17.1/OV/TCGA-61-2008.all/spladder_confidence_2/all_frames/TCGA-61-2008.all/integrated_background_kmer.gz.pq --output-suffix no-annot --output-dir /cluster/work/grlab/projects/projects2020_OHSU/peptides_generation/10c3360_runs_pya0.17.1/OV/TCGA-61-2008.all/spladder_confidence_2/all_frames/TCGA-61-2008.all --remove-bg

------------------------------------------------------------

Successfully completed.

Resource usage summary:

    CPU time :                                   347.51 sec.
    Max Memory :                                 11031 MB
    Average Memory :                             3983.69 MB
    Total Requested Memory :                     60000.00 MB
    Delta Memory :                               48969.00 MB
    Max Swap :                                   -
    Max Processes :                              5
    Max Threads :                                9
    Run time :                                   376 sec.
    Turnaround time :                            376 sec.

The output (if any) follows:

2021-03-02 20:37:57,032 INFO     Command lineNamespace(annot_kmer_files=['/cluster/work/grlab/projects/projects2020_OHSU/peptides_generation/10c3360_runs_pya0.17.1/OV/TCGA-61-2008.all/spladder_confidence_2/all_frames/TCGA-61-2008.all/ref_annot_9mer.pq.gz'], bg_file_path='/cluster/work/grlab/projects/projects2020_OHSU/peptides_generation/10c3360_runs_pya0.17.1/OV/TCGA-61-2008.all/spladder_confidence_2/all_frames/TCGA-61-2008.all/integrated_background_kmer.gz.pq', compressed=True, junction_kmer_files=['/cluster/work/grlab/projects/projects2020_OHSU/peptides_generation/10c3360_runs_pya0.17.1/OV/TCGA-61-2008.all/spladder_confidence_2/all_frames/TCGA-61-2008.all/ref_sample_9mer.pq.gz'], output_dir='/cluster/work/grlab/projects/projects2020_OHSU/peptides_generation/10c3360_runs_pya0.17.1/OV/TCGA-61-2008.all/spladder_confidence_2/all_frames/TCGA-61-2008.all', output_suffix='no-annot', parallel=1, remove_bg=True, verbose=1)
2021-03-02 20:37:57,906 INFO     >>>>>>>>> Remove annotation: Start
2021-03-02 20:37:57,909 INFO     ...consider annotation file:/cluster/work/grlab/projects/projects2020_OHSU/peptides_generation/10c3360_runs_pya0.17.1/OV/TCGA-61-2008.all/spladder_confidence_2/all_frames/TCGA-61-2008.all/ref_annot_9mer.pq.gz
2021-03-02 20:40:32,531 INFO     Saving parquet integrated_background_kmer.gz.pq with 11063557 lines. Took 22.1469 seconds
2021-03-02 20:40:32,784 INFO     generated unique background kmer file in /cluster/work/grlab/projects/projects2020_OHSU/peptides_generation/10c3360_runs_pya0.17.1/OV/TCGA-61-2008.all/spladder_confidence_2/all_frames/TCGA-61-2008.all/integrated_background_kmer.gz.pq 
 
2021-03-02 20:40:32,784 INFO     ...consider foreground file:/cluster/work/grlab/projects/projects2020_OHSU/peptides_generation/10c3360_runs_pya0.17.1/OV/TCGA-61-2008.all/spladder_confidence_2/all_frames/TCGA-61-2008.all/ref_sample_9mer.pq.gz
2021-03-02 20:43:26,410 INFO     Saving parquet ref_sample_9mer_no-annot.gz.pq with 12389456 lines. Took 67.5083 seconds
2021-03-02 20:43:26,411 INFO     output bg-removed kmer file : /cluster/work/grlab/projects/projects2020_OHSU/peptides_generation/10c3360_runs_pya0.17.1/OV/TCGA-61-2008.all/spladder_confidence_2/all_frames/TCGA-61-2008.all/ref_sample_9mer_no-annot.gz.pq 
 
2021-03-02 20:43:26,411 INFO     >>>>>>>>> Remove annotation: Finish

